[2026-07-04 11:46:29.094] [INFO]  ===================================================
[2026-07-04 11:46:29.094] [INFO]  Starting RayVPaint tech-art editor...
[2026-07-04 11:46:29.094] [INFO]  Configuration loaded successfully from config.json
[2026-07-04 11:46:29.094] [INFO]  Initializing ThreadPool with 16 worker threads.
[2026-07-04 11:46:29.097] [INFO]  Initializing embedded Python interpreter...
[2026-07-04 11:46:29.119] [INFO]  [Python] Python Interpreter Initialized. Version: 3.13.2 (tags/v3.13.2:4f8bb39, Feb  4 2025, 15:23:48) [MSC v.1942 64 bit (AMD64)]
[2026-07-04 11:46:29.294] [INFO]  Startup completed in: 200.371800 ms
[2026-07-04 11:46:29.300] [INFO]  [TEST] Render completed. Saving config and exiting successfully.
[2026-07-04 11:46:29.329] [INFO]  Shutting down embedded Python interpreter...
[2026-07-04 11:46:29.332] [INFO]  ThreadPool shut down successfully.
[2026-07-04 11:46:29.332] [INFO]  RayVPaint shut down cleanly.
[2026-07-04 11:46:48.399] [INFO]  ===================================================
[2026-07-04 11:46:48.399] [INFO]  Starting RayVPaint tech-art editor...
[2026-07-04 11:46:48.399] [INFO]  Configuration loaded successfully from config.json
[2026-07-04 11:46:48.399] [INFO]  Initializing ThreadPool with 16 worker threads.
[2026-07-04 11:46:48.402] [INFO]  Initializing embedded Python interpreter...
[2026-07-04 11:46:48.427] [INFO]  [Python] Python Interpreter Initialized. Version: 3.13.2 (tags/v3.13.2:4f8bb39, Feb  4 2025, 15:23:48) [MSC v.1942 64 bit (AMD64)]
[2026-07-04 11:46:48.605] [INFO]  Startup completed in: 206.609300 ms
[2026-07-04 11:46:48.611] [INFO]  [TEST] Render completed. Saving config and exiting successfully.
[2026-07-04 11:46:48.640] [INFO]  Shutting down embedded Python interpreter...
[2026-07-04 11:46:48.643] [INFO]  ThreadPool shut down successfully.
[2026-07-04 11:46:48.643] [INFO]  RayVPaint shut down cleanly.
[2026-07-04 11:46:48.666] [INFO]  ===================================================
[2026-07-04 11:46:48.666] [INFO]  Starting RayVPaint tech-art editor...
[2026-07-04 11:46:48.666] [INFO]  Configuration loaded successfully from config.json
[2026-07-04 11:46:48.666] [INFO]  Initializing ThreadPool with 16 worker threads.
[2026-07-04 11:46:48.669] [INFO]  Initializing embedded Python interpreter...
[2026-07-04 11:46:48.696] [INFO]  [Python] Python Interpreter Initialized. Version: 3.13.2 (tags/v3.13.2:4f8bb39, Feb  4 2025, 15:23:48) [MSC v.1942 64 bit (AMD64)]
[2026-07-04 11:46:48.724] [INFO]  Startup completed in: 57.546300 ms
[2026-07-04 11:46:48.724] [INFO]  Executing Python script: test_script.py
[2026-07-04 11:46:48.724] [INFO]  [Python] === Python API Integration Test Starting ===
[2026-07-04 11:46:48.724] [DEBUG] [Python] This is a debug message from Python.
[2026-07-04 11:46:48.724] [WARN]  [Python] This is a warning from Python.
[2026-07-04 11:46:48.724] [INFO]  [Python] Config default dimensions: 1024x1024
[2026-07-04 11:46:48.724] [INFO]  [Python] Resizing canvas via Python to 2048x1024...
[2026-07-04 11:46:48.724] [INFO]  Canvas resized to: 2048x1024
[2026-07-04 11:46:48.724] [INFO]  [Python] === Python API Integration Test Completed Successfully ===
[2026-07-04 11:46:48.729] [INFO]  [TEST] Render completed. Saving config and exiting successfully.
[2026-07-04 11:46:48.731] [INFO]  Shutting down embedded Python interpreter...
[2026-07-04 11:46:48.734] [INFO]  ThreadPool shut down successfully.
[2026-07-04 11:46:48.734] [INFO]  RayVPaint shut down cleanly.
[2026-07-04 12:13:05.563] [INFO]  ===================================================
[2026-07-04 12:13:05.564] [INFO]  Starting RayVPaint tech-art editor...
[2026-07-04 12:13:05.564] [INFO]  Configuration loaded successfully from config.json
[2026-07-04 12:13:05.564] [INFO]  Initializing ThreadPool with 16 worker threads.
[2026-07-04 12:13:05.567] [INFO]  Initializing embedded Python interpreter...
[2026-07-04 12:13:05.592] [INFO]  [Python] Python Interpreter Initialized. Version: 3.13.2 (tags/v3.13.2:4f8bb39, Feb  4 2025, 15:23:48) [MSC v.1942 64 bit (AMD64)]
[2026-07-04 12:13:05.795] [INFO]  Created new layer: Background
[2026-07-04 12:13:05.795] [INFO]  Startup completed in: 232.555000 ms
[2026-07-04 12:13:05.804] [INFO]  [TEST] Render completed. Saving config and exiting successfully.
[2026-07-04 12:13:05.840] [INFO]  Shutting down embedded Python interpreter...
[2026-07-04 12:13:05.845] [INFO]  ThreadPool shut down successfully.
[2026-07-04 12:13:05.845] [INFO]  RayVPaint shut down cleanly.
[2026-07-04 12:13:05.871] [INFO]  ===================================================
[2026-07-04 12:13:05.871] [INFO]  Starting RayVPaint tech-art editor...
[2026-07-04 12:13:05.871] [INFO]  Configuration loaded successfully from config.json
[2026-07-04 12:13:05.871] [INFO]  Initializing ThreadPool with 16 worker threads.
[2026-07-04 12:13:05.875] [INFO]  Initializing embedded Python interpreter...
[2026-07-04 12:13:05.905] [INFO]  [Python] Python Interpreter Initialized. Version: 3.13.2 (tags/v3.13.2:4f8bb39, Feb  4 2025, 15:23:48) [MSC v.1942 64 bit (AMD64)]
[2026-07-04 12:13:05.946] [INFO]  Created new layer: Background
[2026-07-04 12:13:05.947] [INFO]  Startup completed in: 76.420800 ms
[2026-07-04 12:13:05.947] [INFO]  Executing Python script: test_script.py
[2026-07-04 12:13:05.947] [INFO]  [Python] === Python API Integration Test Starting ===
[2026-07-04 12:13:05.947] [DEBUG] [Python] This is a debug message from Python.
[2026-07-04 12:13:05.947] [WARN]  [Python] This is a warning from Python.
[2026-07-04 12:13:05.947] [INFO]  [Python] Config default dimensions: 1024x1024
[2026-07-04 12:13:05.948] [INFO]  [Python] Resizing canvas via Python to 2048x1024...
[2026-07-04 12:13:05.948] [INFO]  Resizing canvas from 1024x1024 to 2048x1024
[2026-07-04 12:13:05.957] [INFO]  Canvas resized to: 2048x1024
[2026-07-04 12:13:05.958] [INFO]  [Python] === Python API Integration Test Completed Successfully ===
[2026-07-04 12:13:05.963] [INFO]  [TEST] Render completed. Saving config and exiting successfully.
[2026-07-04 12:13:05.967] [INFO]  Shutting down embedded Python interpreter...
[2026-07-04 12:13:05.971] [INFO]  ThreadPool shut down successfully.
[2026-07-04 12:13:05.971] [INFO]  RayVPaint shut down cleanly.
[2026-07-04 12:25:24.362] [INFO]  ===================================================
[2026-07-04 12:25:24.362] [INFO]  Starting RayVPaint tech-art editor...
[2026-07-04 12:25:24.362] [INFO]  Configuration loaded successfully from config.json
[2026-07-04 12:25:24.362] [INFO]  Initializing ThreadPool with 16 worker threads.
[2026-07-04 12:25:24.365] [INFO]  Initializing embedded Python interpreter...
[2026-07-04 12:25:24.388] [INFO]  [Python] Python Interpreter Initialized. Version: 3.13.2 (tags/v3.13.2:4f8bb39, Feb  4 2025, 15:23:48) [MSC v.1942 64 bit (AMD64)]
[2026-07-04 12:25:24.582] [INFO]  Created new layer: Background
[2026-07-04 12:25:24.583] [INFO]  Startup completed in: 221.251400 ms
[2026-07-04 12:25:24.590] [INFO]  [TEST] Render completed. Saving config and exiting successfully.
[2026-07-04 12:25:24.621] [INFO]  Shutting down embedded Python interpreter...
[2026-07-04 12:25:24.625] [INFO]  ThreadPool shut down successfully.
[2026-07-04 12:25:24.625] [INFO]  RayVPaint shut down cleanly.
[2026-07-04 12:25:24.651] [INFO]  ===================================================
[2026-07-04 12:25:24.651] [INFO]  Starting RayVPaint tech-art editor...
[2026-07-04 12:25:24.652] [INFO]  Configuration loaded successfully from config.json
[2026-07-04 12:25:24.652] [INFO]  Initializing ThreadPool with 16 worker threads.
[2026-07-04 12:25:24.655] [INFO]  Initializing embedded Python interpreter...
[2026-07-04 12:25:24.683] [INFO]  [Python] Python Interpreter Initialized. Version: 3.13.2 (tags/v3.13.2:4f8bb39, Feb  4 2025, 15:23:48) [MSC v.1942 64 bit (AMD64)]
[2026-07-04 12:25:24.724] [INFO]  Created new layer: Background
[2026-07-04 12:25:24.725] [INFO]  Startup completed in: 74.564500 ms
[2026-07-04 12:25:24.726] [INFO]  Executing Python script: test_script.py
[2026-07-04 12:25:24.726] [INFO]  [Python] === Python API Integration Test Starting ===
[2026-07-04 12:25:24.726] [DEBUG] [Python] This is a debug message from Python.
[2026-07-04 12:25:24.726] [WARN]  [Python] This is a warning from Python.
[2026-07-04 12:25:24.726] [INFO]  [Python] Config default dimensions: 1024x1024
[2026-07-04 12:25:24.726] [INFO]  [Python] Resizing canvas via Python to 2048x1024...
[2026-07-04 12:25:24.726] [INFO]  Resizing canvas from 1024x1024 to 2048x1024
[2026-07-04 12:25:24.735] [INFO]  Canvas resized to: 2048x1024
[2026-07-04 12:25:24.735] [INFO]  [Python] === Python API Integration Test Completed Successfully ===
[2026-07-04 12:25:24.742] [INFO]  [TEST] Render completed. Saving config and exiting successfully.
[2026-07-04 12:25:24.746] [INFO]  Shutting down embedded Python interpreter...
[2026-07-04 12:25:24.749] [INFO]  ThreadPool shut down successfully.
[2026-07-04 12:25:24.749] [INFO]  RayVPaint shut down cleanly.
[2026-07-04 12:26:09.193] [INFO]  ===================================================
[2026-07-04 12:26:09.193] [INFO]  Starting RayVPaint tech-art editor...
[2026-07-04 12:26:09.193] [INFO]  Configuration loaded successfully from config.json
[2026-07-04 12:26:09.193] [INFO]  Initializing ThreadPool with 16 worker threads.
[2026-07-04 12:26:09.197] [INFO]  Initializing embedded Python interpreter...
[2026-07-04 12:26:09.226] [INFO]  [Python] Python Interpreter Initialized. Version: 3.13.2 (tags/v3.13.2:4f8bb39, Feb  4 2025, 15:23:48) [MSC v.1942 64 bit (AMD64)]
[2026-07-04 12:26:09.273] [INFO]  Created new layer: Background
[2026-07-04 12:26:09.274] [INFO]  Startup completed in: 157.540400 ms
[2026-07-04 12:26:09.274] [INFO]  Executing Python script: test_dds.py
[2026-07-04 12:26:09.275] [INFO]  [Python] === Starting DDS Native Integration Test ===
[2026-07-04 12:26:09.275] [INFO]  [Python] Loading DDS file: testfield/SandroneBangsADiffuse.dds
[2026-07-04 12:26:09.296] [INFO]  DDS texture loaded successfully (1024x1024): testfield/SandroneBangsADiffuse.dds
[2026-07-04 12:26:09.311] [INFO]  Successfully imported layer from: testfield/SandroneBangsADiffuse.dds
[2026-07-04 12:26:09.312] [INFO]  [Python] DDS loaded successfully! Exporting to PNG to verify...
[2026-07-04 12:26:09.534] [INFO]  Image saved successfully: testfield/temp_diffuse_export.png
[2026-07-04 12:26:09.535] [INFO]  [Python] Saved PNG to: testfield/temp_diffuse_export.png
[2026-07-04 12:26:09.535] [INFO]  [Python] Exporting back to DDS (RGBA8)...
[2026-07-04 12:26:09.549] [INFO]  DDS texture saved successfully (1024x1024): testfield/temp_diffuse_export.dds
[2026-07-04 12:26:09.550] [INFO]  [Python] Saved DDS to: testfield/temp_diffuse_export.dds
[2026-07-04 12:26:09.550] [INFO]  [Python] Cleanup: Removing temporary PNG export.
[2026-07-04 12:26:09.551] [INFO]  [Python] Cleanup: Removing temporary DDS export.
[2026-07-04 12:26:09.551] [INFO]  [Python] === DDS Native Integration Test Completed Successfully! ===
[2026-07-04 12:26:09.557] [INFO]  [TEST] Render completed. Saving config and exiting successfully.
[2026-07-04 12:26:09.560] [INFO]  Shutting down embedded Python interpreter...
[2026-07-04 12:26:09.563] [INFO]  ThreadPool shut down successfully.
[2026-07-04 12:26:09.563] [INFO]  RayVPaint shut down cleanly.
[2026-07-04 12:26:29.698] [INFO]  ===================================================
[2026-07-04 12:26:29.699] [INFO]  Starting RayVPaint tech-art editor...
[2026-07-04 12:26:29.699] [INFO]  Configuration loaded successfully from config.json
[2026-07-04 12:26:29.699] [INFO]  Initializing ThreadPool with 16 worker threads.
[2026-07-04 12:26:29.702] [INFO]  Initializing embedded Python interpreter...
[2026-07-04 12:26:29.727] [INFO]  [Python] Python Interpreter Initialized. Version: 3.13.2 (tags/v3.13.2:4f8bb39, Feb  4 2025, 15:23:48) [MSC v.1942 64 bit (AMD64)]
[2026-07-04 12:26:29.930] [INFO]  Created new layer: Background
[2026-07-04 12:26:29.931] [INFO]  Startup completed in: 232.750600 ms
[2026-07-04 12:26:29.936] [INFO]  [TEST] Render completed. Saving config and exiting successfully.
[2026-07-04 12:26:29.971] [INFO]  Shutting down embedded Python interpreter...
[2026-07-04 12:26:29.974] [INFO]  ThreadPool shut down successfully.
[2026-07-04 12:26:29.974] [INFO]  RayVPaint shut down cleanly.
[2026-07-04 12:26:29.998] [INFO]  ===================================================
[2026-07-04 12:26:29.998] [INFO]  Starting RayVPaint tech-art editor...
[2026-07-04 12:26:29.998] [INFO]  Configuration loaded successfully from config.json
[2026-07-04 12:26:29.998] [INFO]  Initializing ThreadPool with 16 worker threads.
[2026-07-04 12:26:30.001] [INFO]  Initializing embedded Python interpreter...
[2026-07-04 12:26:30.026] [INFO]  [Python] Python Interpreter Initialized. Version: 3.13.2 (tags/v3.13.2:4f8bb39, Feb  4 2025, 15:23:48) [MSC v.1942 64 bit (AMD64)]
[2026-07-04 12:26:30.069] [INFO]  Created new layer: Background
[2026-07-04 12:26:30.069] [INFO]  Startup completed in: 71.767600 ms
[2026-07-04 12:26:30.069] [INFO]  Executing Python script: test_script.py
[2026-07-04 12:26:30.070] [INFO]  [Python] === Python API Integration Test Starting ===
[2026-07-04 12:26:30.070] [DEBUG] [Python] This is a debug message from Python.
[2026-07-04 12:26:30.070] [WARN]  [Python] This is a warning from Python.
[2026-07-04 12:26:30.070] [INFO]  [Python] Config default dimensions: 1024x1024
[2026-07-04 12:26:30.070] [INFO]  [Python] Resizing canvas via Python to 2048x1024...
[2026-07-04 12:26:30.070] [INFO]  Resizing canvas from 1024x1024 to 2048x1024
[2026-07-04 12:26:30.083] [INFO]  Canvas resized to: 2048x1024
[2026-07-04 12:26:30.083] [INFO]  [Python] Testing native DDS load: testfield/SandroneBangsADiffuse.dds
[2026-07-04 12:26:30.106] [INFO]  DDS texture loaded successfully (1024x1024): testfield/SandroneBangsADiffuse.dds
[2026-07-04 12:26:30.118] [INFO]  Successfully imported layer from: testfield/SandroneBangsADiffuse.dds
[2026-07-04 12:26:30.435] [INFO]  Image saved successfully: testfield/temp_diffuse_export.png
[2026-07-04 12:26:30.462] [INFO]  DDS texture saved successfully (2048x1024): testfield/temp_diffuse_export.dds
[2026-07-04 12:26:30.465] [INFO]  [Python] DDS native validation check: PASSED.
[2026-07-04 12:26:30.465] [INFO]  [Python] === Python API Integration Test Completed Successfully ===
[2026-07-04 12:26:30.470] [INFO]  [TEST] Render completed. Saving config and exiting successfully.
[2026-07-04 12:26:30.475] [INFO]  Shutting down embedded Python interpreter...
[2026-07-04 12:26:30.478] [INFO]  ThreadPool shut down successfully.
[2026-07-04 12:26:30.478] [INFO]  RayVPaint shut down cleanly.
[2026-07-04 12:54:54.974] [INFO]  ===================================================
[2026-07-04 12:54:54.974] [INFO]  Starting RayVPaint tech-art editor...
[2026-07-04 12:54:54.974] [INFO]  Configuration loaded successfully from config.json
[2026-07-04 12:54:54.974] [INFO]  Initializing ThreadPool with 16 worker threads.
[2026-07-04 12:54:54.978] [INFO]  Initializing embedded Python interpreter...
[2026-07-04 12:54:55.010] [INFO]  [Python] Python Interpreter Initialized. Version: 3.13.2 (tags/v3.13.2:4f8bb39, Feb  4 2025, 15:23:48) [MSC v.1942 64 bit (AMD64)]
[2026-07-04 12:54:55.226] [INFO]  Created new layer: Background
[2026-07-04 12:54:55.227] [INFO]  Startup completed in: 253.799700 ms
[2026-07-04 12:54:55.233] [INFO]  [TEST] Render completed. Saving config and exiting successfully.
[2026-07-04 12:54:55.269] [INFO]  Shutting down embedded Python interpreter...
[2026-07-04 12:54:55.272] [INFO]  ThreadPool shut down successfully.
[2026-07-04 12:54:55.272] [INFO]  RayVPaint shut down cleanly.
[2026-07-04 12:54:55.299] [INFO]  ===================================================
[2026-07-04 12:54:55.299] [INFO]  Starting RayVPaint tech-art editor...
[2026-07-04 12:54:55.299] [INFO]  Configuration loaded successfully from config.json
[2026-07-04 12:54:55.300] [INFO]  Initializing ThreadPool with 16 worker threads.
[2026-07-04 12:54:55.302] [INFO]  Initializing embedded Python interpreter...
[2026-07-04 12:54:55.328] [INFO]  [Python] Python Interpreter Initialized. Version: 3.13.2 (tags/v3.13.2:4f8bb39, Feb  4 2025, 15:23:48) [MSC v.1942 64 bit (AMD64)]
[2026-07-04 12:54:55.372] [INFO]  Created new layer: Background
[2026-07-04 12:54:55.373] [INFO]  Startup completed in: 74.659600 ms
[2026-07-04 12:54:55.373] [INFO]  Executing Python script: test_script.py
[2026-07-04 12:54:55.374] [INFO]  [Python] === Python API Integration Test Starting ===
[2026-07-04 12:54:55.374] [DEBUG] [Python] This is a debug message from Python.
[2026-07-04 12:54:55.374] [WARN]  [Python] This is a warning from Python.
[2026-07-04 12:54:55.374] [INFO]  [Python] Config default dimensions: 1024x1024
[2026-07-04 12:54:55.374] [INFO]  [Python] Resizing canvas via Python to 2048x1024...
[2026-07-04 12:54:55.374] [INFO]  Resizing canvas from 1024x1024 to 2048x1024
[2026-07-04 12:54:55.384] [INFO]  Canvas resized to: 2048x1024
[2026-07-04 12:54:55.385] [INFO]  [Python] Testing native DDS load: testfield/SandroneBangsADiffuse.dds
[2026-07-04 12:54:55.405] [INFO]  DDS texture loaded successfully (1024x1024): testfield/SandroneBangsADiffuse.dds
[2026-07-04 12:54:55.418] [INFO]  Successfully imported layer from: testfield/SandroneBangsADiffuse.dds
[2026-07-04 12:54:55.749] [INFO]  Image saved successfully: testfield/temp_diffuse_export.png
[2026-07-04 12:54:55.779] [INFO]  DDS texture saved successfully (2048x1024): testfield/temp_diffuse_export.dds
[2026-07-04 12:54:55.782] [INFO]  [Python] DDS native validation check: PASSED.
[2026-07-04 12:54:55.783] [INFO]  [Python] === Python API Integration Test Completed Successfully ===
[2026-07-04 12:54:55.788] [INFO]  [TEST] Render completed. Saving config and exiting successfully.
[2026-07-04 12:54:55.794] [INFO]  Shutting down embedded Python interpreter...
[2026-07-04 12:54:55.798] [INFO]  ThreadPool shut down successfully.
[2026-07-04 12:54:55.798] [INFO]  RayVPaint shut down cleanly.
[2026-07-04 12:58:04.279] [INFO]  ===================================================
[2026-07-04 12:58:04.279] [INFO]  Starting RayVPaint tech-art editor...
[2026-07-04 12:58:04.279] [INFO]  Configuration loaded successfully from config.json
[2026-07-04 12:58:04.279] [INFO]  Initializing ThreadPool with 16 worker threads.
[2026-07-04 12:58:04.283] [INFO]  Initializing embedded Python interpreter...
[2026-07-04 12:58:04.308] [INFO]  [Python] Python Interpreter Initialized. Version: 3.13.2 (tags/v3.13.2:4f8bb39, Feb  4 2025, 15:23:48) [MSC v.1942 64 bit (AMD64)]
[2026-07-04 12:58:04.499] [INFO]  Created new layer: Background
[2026-07-04 12:58:04.499] [INFO]  Startup completed in: 220.982300 ms
[2026-07-04 12:58:04.506] [INFO]  [TEST] Render completed. Saving config and exiting successfully.
[2026-07-04 12:58:04.539] [INFO]  Shutting down embedded Python interpreter...
[2026-07-04 12:58:04.542] [INFO]  ThreadPool shut down successfully.
[2026-07-04 12:58:04.542] [INFO]  RayVPaint shut down cleanly.
[2026-07-04 12:58:04.568] [INFO]  ===================================================
[2026-07-04 12:58:04.568] [INFO]  Starting RayVPaint tech-art editor...
[2026-07-04 12:58:04.568] [INFO]  Configuration loaded successfully from config.json
[2026-07-04 12:58:04.568] [INFO]  Initializing ThreadPool with 16 worker threads.
[2026-07-04 12:58:04.571] [INFO]  Initializing embedded Python interpreter...
[2026-07-04 12:58:04.596] [INFO]  [Python] Python Interpreter Initialized. Version: 3.13.2 (tags/v3.13.2:4f8bb39, Feb  4 2025, 15:23:48) [MSC v.1942 64 bit (AMD64)]
[2026-07-04 12:58:04.638] [INFO]  Created new layer: Background
[2026-07-04 12:58:04.638] [INFO]  Startup completed in: 70.662900 ms
[2026-07-04 12:58:04.638] [INFO]  Executing Python script: test_script.py
[2026-07-04 12:58:04.639] [INFO]  [Python] === Python API Integration Test Starting ===
[2026-07-04 12:58:04.639] [DEBUG] [Python] This is a debug message from Python.
[2026-07-04 12:58:04.639] [WARN]  [Python] This is a warning from Python.
[2026-07-04 12:58:04.639] [INFO]  [Python] Config default dimensions: 1024x1024
[2026-07-04 12:58:04.639] [INFO]  [Python] Resizing canvas via Python to 2048x1024...
[2026-07-04 12:58:04.639] [INFO]  Resizing canvas from 1024x1024 to 2048x1024
[2026-07-04 12:58:04.648] [INFO]  Canvas resized to: 2048x1024
[2026-07-04 12:58:04.648] [INFO]  [Python] Testing native DDS load: testfield/SandroneBangsADiffuse.dds
[2026-07-04 12:58:04.668] [INFO]  DDS texture loaded successfully (1024x1024): testfield/SandroneBangsADiffuse.dds
[2026-07-04 12:58:04.679] [INFO]  Successfully imported layer from: testfield/SandroneBangsADiffuse.dds
[2026-07-04 12:58:05.013] [INFO]  Image saved successfully: testfield/temp_diffuse_export.png
[2026-07-04 12:58:05.042] [INFO]  DDS texture saved successfully (2048x1024): testfield/temp_diffuse_export.dds
[2026-07-04 12:58:05.045] [INFO]  [Python] DDS native validation check: PASSED.
[2026-07-04 12:58:05.045] [INFO]  [Python] === Python API Integration Test Completed Successfully ===
[2026-07-04 12:58:05.052] [INFO]  [TEST] Render completed. Saving config and exiting successfully.
[2026-07-04 12:58:05.057] [INFO]  Shutting down embedded Python interpreter...
[2026-07-04 12:58:05.060] [INFO]  ThreadPool shut down successfully.
[2026-07-04 12:58:05.060] [INFO]  RayVPaint shut down cleanly.
[2026-07-04 12:58:27.265] [INFO]  ===================================================
[2026-07-04 12:58:27.266] [INFO]  Starting RayVPaint tech-art editor...
[2026-07-04 12:58:27.266] [INFO]  Configuration loaded successfully from config.json
[2026-07-04 12:58:27.266] [INFO]  Initializing ThreadPool with 16 worker threads.
[2026-07-04 12:58:27.269] [INFO]  Initializing embedded Python interpreter...
[2026-07-04 12:58:27.298] [INFO]  [Python] Python Interpreter Initialized. Version: 3.13.2 (tags/v3.13.2:4f8bb39, Feb  4 2025, 15:23:48) [MSC v.1942 64 bit (AMD64)]
[2026-07-04 12:58:27.497] [INFO]  Created new layer: Background
[2026-07-04 12:58:27.497] [INFO]  Startup completed in: 232.369200 ms
[2026-07-04 12:58:27.503] [INFO]  [TEST] Render completed. Saving config and exiting successfully.
[2026-07-04 12:58:27.536] [INFO]  Shutting down embedded Python interpreter...
[2026-07-04 12:58:27.539] [INFO]  ThreadPool shut down successfully.
[2026-07-04 12:58:27.539] [INFO]  RayVPaint shut down cleanly.
[2026-07-04 12:58:27.563] [INFO]  ===================================================
[2026-07-04 12:58:27.563] [INFO]  Starting RayVPaint tech-art editor...
[2026-07-04 12:58:27.564] [INFO]  Configuration loaded successfully from config.json
[2026-07-04 12:58:27.564] [INFO]  Initializing ThreadPool with 16 worker threads.
[2026-07-04 12:58:27.567] [INFO]  Initializing embedded Python interpreter...
[2026-07-04 12:58:27.591] [INFO]  [Python] Python Interpreter Initialized. Version: 3.13.2 (tags/v3.13.2:4f8bb39, Feb  4 2025, 15:23:48) [MSC v.1942 64 bit (AMD64)]
[2026-07-04 12:58:27.636] [INFO]  Created new layer: Background
[2026-07-04 12:58:27.637] [INFO]  Startup completed in: 74.073300 ms
[2026-07-04 12:58:27.637] [INFO]  Executing Python script: test_script.py
[2026-07-04 12:58:27.638] [INFO]  [Python] === Python API Integration Test Starting ===
[2026-07-04 12:58:27.638] [DEBUG] [Python] This is a debug message from Python.
[2026-07-04 12:58:27.639] [WARN]  [Python] This is a warning from Python.
[2026-07-04 12:58:27.639] [INFO]  [Python] Config default dimensions: 1024x1024
[2026-07-04 12:58:27.639] [INFO]  [Python] Resizing canvas via Python to 2048x1024...
[2026-07-04 12:58:27.639] [INFO]  Resizing canvas from 1024x1024 to 2048x1024
[2026-07-04 12:58:27.648] [INFO]  Canvas resized to: 2048x1024
[2026-07-04 12:58:27.648] [INFO]  [Python] Testing native DDS load: testfield/SandroneBangsADiffuse.dds
[2026-07-04 12:58:27.667] [INFO]  DDS texture loaded successfully (1024x1024): testfield/SandroneBangsADiffuse.dds
[2026-07-04 12:58:27.680] [INFO]  Successfully imported layer from: testfield/SandroneBangsADiffuse.dds
[2026-07-04 12:58:27.991] [INFO]  Image saved successfully: testfield/temp_diffuse_export.png
[2026-07-04 12:58:27.992] [INFO]  [Python] Testing save_dds with format index 1 to testfield/temp_diffuse_export_1.dds
[2026-07-04 12:58:28.029] [INFO]  DDS texture saved successfully (2048x1024): testfield/temp_diffuse_export_1.dds
[2026-07-04 12:58:28.034] [INFO]  [Python] Testing save_dds with format index 2 to testfield/temp_diffuse_export_2.dds
[2026-07-04 12:58:28.068] [INFO]  DDS texture saved successfully (2048x1024): testfield/temp_diffuse_export_2.dds
[2026-07-04 12:58:28.072] [INFO]  [Python] Testing save_dds with format index 3 to testfield/temp_diffuse_export_3.dds
[2026-07-04 12:58:28.116] [INFO]  DDS texture saved successfully (2048x1024): testfield/temp_diffuse_export_3.dds
[2026-07-04 12:58:28.120] [INFO]  [Python] Testing save_dds with format index 4 to testfield/temp_diffuse_export_4.dds
[2026-07-04 12:58:28.140] [INFO]  DDS texture saved successfully (2048x1024): testfield/temp_diffuse_export_4.dds
[2026-07-04 12:58:28.142] [INFO]  [Python] Testing save_dds with format index 5 to testfield/temp_diffuse_export_5.dds
[2026-07-04 12:58:28.168] [INFO]  DDS texture saved successfully (2048x1024): testfield/temp_diffuse_export_5.dds
[2026-07-04 12:58:28.170] [INFO]  [Python] Testing save_dds with format index 6 to testfield/temp_diffuse_export_6.dds
[2026-07-04 12:58:28.193] [INFO]  DDS texture saved successfully (2048x1024): testfield/temp_diffuse_export_6.dds
[2026-07-04 12:58:28.196] [INFO]  [Python] Testing save_image with ICC profile: testfield/dummy_test.icc
[2026-07-04 12:58:28.513] [INFO]  Embedded ICC profile 'dummy_test' into PNG file: testfield/temp_icc_export.png
[2026-07-04 12:58:28.513] [INFO]  Image saved successfully: testfield/temp_icc_export.png
[2026-07-04 12:58:28.516] [INFO]  [Python] Verified: 'iCCP' chunk is embedded in the exported PNG!
[2026-07-04 12:58:28.517] [INFO]  [Python] DDS native validation check and ICC profile test: PASSED.
[2026-07-04 12:58:28.517] [INFO]  [Python] === Python API Integration Test Completed Successfully ===
[2026-07-04 12:58:28.522] [INFO]  [TEST] Render completed. Saving config and exiting successfully.
[2026-07-04 12:58:28.527] [INFO]  Shutting down embedded Python interpreter...
[2026-07-04 12:58:28.531] [INFO]  ThreadPool shut down successfully.
[2026-07-04 12:58:28.531] [INFO]  RayVPaint shut down cleanly.
[2026-07-04 13:46:48.128] [INFO]  ===================================================
[2026-07-04 13:46:48.129] [INFO]  Starting RayVPaint tech-art editor...
[2026-07-04 13:46:48.129] [INFO]  Configuration loaded successfully from config.json
[2026-07-04 13:46:48.129] [INFO]  Initializing ThreadPool with 16 worker threads.
[2026-07-04 13:46:48.131] [INFO]  Initializing embedded Python interpreter...
[2026-07-04 13:46:48.157] [INFO]  [Python] Python Interpreter Initialized. Version: 3.13.2 (tags/v3.13.2:4f8bb39, Feb  4 2025, 15:23:48) [MSC v.1942 64 bit (AMD64)]
[2026-07-04 13:46:48.355] [INFO]  Created new layer: Background
[2026-07-04 13:46:48.356] [INFO]  Startup completed in: 227.648500 ms
[2026-07-04 13:46:48.362] [INFO]  [TEST] Render completed. Saving config and exiting successfully.
[2026-07-04 13:46:48.400] [INFO]  Shutting down embedded Python interpreter...
[2026-07-04 13:46:48.404] [INFO]  ThreadPool shut down successfully.
[2026-07-04 13:46:48.404] [INFO]  RayVPaint shut down cleanly.
[2026-07-04 13:46:48.430] [INFO]  ===================================================
[2026-07-04 13:46:48.430] [INFO]  Starting RayVPaint tech-art editor...
[2026-07-04 13:46:48.430] [INFO]  Configuration loaded successfully from config.json
[2026-07-04 13:46:48.431] [INFO]  Initializing ThreadPool with 16 worker threads.
[2026-07-04 13:46:48.433] [INFO]  Initializing embedded Python interpreter...
[2026-07-04 13:46:48.457] [INFO]  [Python] Python Interpreter Initialized. Version: 3.13.2 (tags/v3.13.2:4f8bb39, Feb  4 2025, 15:23:48) [MSC v.1942 64 bit (AMD64)]
[2026-07-04 13:46:48.504] [INFO]  Created new layer: Background
[2026-07-04 13:46:48.505] [INFO]  Startup completed in: 75.690500 ms
[2026-07-04 13:46:48.505] [INFO]  Executing Python script: test_script.py
[2026-07-04 13:46:48.506] [INFO]  [Python] === Python API Integration Test Starting ===
[2026-07-04 13:46:48.506] [DEBUG] [Python] This is a debug message from Python.
[2026-07-04 13:46:48.506] [WARN]  [Python] This is a warning from Python.
[2026-07-04 13:46:48.507] [INFO]  [Python] Config default dimensions: 1024x1024
[2026-07-04 13:46:48.507] [INFO]  [Python] Resizing canvas via Python to 2048x1024...
[2026-07-04 13:46:48.507] [INFO]  Resizing canvas from 1024x1024 to 2048x1024
[2026-07-04 13:46:48.517] [INFO]  Canvas resized to: 2048x1024
[2026-07-04 13:46:48.517] [INFO]  [Python] Testing native DDS load: testfield/SandroneBangsADiffuse.dds
[2026-07-04 13:46:48.538] [INFO]  DDS texture loaded successfully (1024x1024): testfield/SandroneBangsADiffuse.dds
[2026-07-04 13:46:48.550] [INFO]  Successfully imported layer from: testfield/SandroneBangsADiffuse.dds
[2026-07-04 13:46:48.881] [INFO]  Image saved successfully: testfield/temp_diffuse_export.png
[2026-07-04 13:46:48.883] [INFO]  [Python] Testing save_dds with format index 1 to testfield/temp_diffuse_export_1.dds
[2026-07-04 13:46:48.921] [INFO]  DDS texture saved successfully (2048x1024): testfield/temp_diffuse_export_1.dds
[2026-07-04 13:46:48.926] [INFO]  [Python] Testing save_dds with format index 2 to testfield/temp_diffuse_export_2.dds
[2026-07-04 13:46:48.957] [INFO]  DDS texture saved successfully (2048x1024): testfield/temp_diffuse_export_2.dds
[2026-07-04 13:46:48.961] [INFO]  [Python] Testing save_dds with format index 3 to testfield/temp_diffuse_export_3.dds
[2026-07-04 13:46:49.001] [INFO]  DDS texture saved successfully (2048x1024): testfield/temp_diffuse_export_3.dds
[2026-07-04 13:46:49.004] [INFO]  [Python] Testing save_dds with format index 4 to testfield/temp_diffuse_export_4.dds
[2026-07-04 13:46:49.031] [INFO]  DDS texture saved successfully (2048x1024): testfield/temp_diffuse_export_4.dds
[2026-07-04 13:46:49.033] [INFO]  [Python] Testing save_dds with format index 5 to testfield/temp_diffuse_export_5.dds
[2026-07-04 13:46:49.057] [INFO]  DDS texture saved successfully (2048x1024): testfield/temp_diffuse_export_5.dds
[2026-07-04 13:46:49.059] [INFO]  [Python] Testing save_dds with format index 6 to testfield/temp_diffuse_export_6.dds
[2026-07-04 13:46:49.083] [INFO]  DDS texture saved successfully (2048x1024): testfield/temp_diffuse_export_6.dds
[2026-07-04 13:46:49.086] [INFO]  [Python] Testing save_image with ICC profile: testfield/dummy_test.icc
[2026-07-04 13:46:49.429] [INFO]  Embedded ICC profile 'dummy_test' into PNG file: testfield/temp_icc_export.png
[2026-07-04 13:46:49.429] [INFO]  Image saved successfully: testfield/temp_icc_export.png
[2026-07-04 13:46:49.431] [INFO]  [Python] Verified: 'iCCP' chunk is embedded in the exported PNG!
[2026-07-04 13:46:49.432] [INFO]  [Python] DDS native validation check and ICC profile test: PASSED.
[2026-07-04 13:46:49.432] [INFO]  [Python] === Python API Integration Test Completed Successfully ===
[2026-07-04 13:46:49.439] [INFO]  [TEST] Render completed. Saving config and exiting successfully.
[2026-07-04 13:46:49.444] [INFO]  Shutting down embedded Python interpreter...
[2026-07-04 13:46:49.448] [INFO]  ThreadPool shut down successfully.
[2026-07-04 13:46:49.448] [INFO]  RayVPaint shut down cleanly.
[2026-07-04 13:46:50.946] [INFO]  ===================================================
[2026-07-04 13:46:50.946] [INFO]  Starting RayVPaint tech-art editor...
[2026-07-04 13:46:50.946] [INFO]  Configuration loaded successfully from config.json
[2026-07-04 13:46:50.946] [INFO]  Initializing ThreadPool with 16 worker threads.
[2026-07-04 13:46:50.950] [INFO]  Initializing embedded Python interpreter...
[2026-07-04 13:46:50.978] [INFO]  [Python] Python Interpreter Initialized. Version: 3.13.2 (tags/v3.13.2:4f8bb39, Feb  4 2025, 15:23:48) [MSC v.1942 64 bit (AMD64)]
[2026-07-04 13:46:51.229] [INFO]  Created new layer: Background
[2026-07-04 13:46:51.230] [INFO]  Startup completed in: 283.805000 ms
[2026-07-04 13:48:59.114] [DEBUG] Swapchain backbuffers resized to 2560x1009
[2026-07-04 13:54:47.737] [INFO]  Shutting down embedded Python interpreter...
[2026-07-04 13:54:47.741] [INFO]  ThreadPool shut down successfully.
[2026-07-04 13:54:47.741] [INFO]  RayVPaint shut down cleanly.
[2026-07-04 13:58:06.518] [INFO]  ===================================================
[2026-07-04 13:58:06.518] [INFO]  Starting RayVPaint tech-art editor...
[2026-07-04 13:58:06.518] [INFO]  Configuration loaded successfully from config.json
[2026-07-04 13:58:06.518] [INFO]  Initializing ThreadPool with 16 worker threads.
[2026-07-04 13:58:06.522] [INFO]  Initializing embedded Python interpreter...
[2026-07-04 13:58:06.538] [INFO]  [Python] Python Interpreter Initialized. Version: 3.13.2 (tags/v3.13.2:4f8bb39, Feb  4 2025, 15:23:48) [MSC v.1942 64 bit (AMD64)]
[2026-07-04 13:58:06.732] [INFO]  Created new layer: Background
[2026-07-04 13:58:06.732] [INFO]  Startup completed in: 215.201900 ms
[2026-07-04 13:58:06.739] [INFO]  [TEST] Render completed. Saving config and exiting successfully.
[2026-07-04 13:58:06.776] [INFO]  Shutting down embedded Python interpreter...
[2026-07-04 13:58:06.779] [INFO]  ThreadPool shut down successfully.
[2026-07-04 13:58:06.779] [INFO]  RayVPaint shut down cleanly.
[2026-07-04 13:58:06.804] [INFO]  ===================================================
[2026-07-04 13:58:06.804] [INFO]  Starting RayVPaint tech-art editor...
[2026-07-04 13:58:06.804] [INFO]  Configuration loaded successfully from config.json
[2026-07-04 13:58:06.804] [INFO]  Initializing ThreadPool with 16 worker threads.
[2026-07-04 13:58:06.807] [INFO]  Initializing embedded Python interpreter...
[2026-07-04 13:58:06.823] [INFO]  [Python] Python Interpreter Initialized. Version: 3.13.2 (tags/v3.13.2:4f8bb39, Feb  4 2025, 15:23:48) [MSC v.1942 64 bit (AMD64)]
[2026-07-04 13:58:06.866] [INFO]  Created new layer: Background
[2026-07-04 13:58:06.867] [INFO]  Startup completed in: 64.223600 ms
[2026-07-04 13:58:06.868] [INFO]  Executing Python script: test_script.py
[2026-07-04 13:58:06.868] [INFO]  [Python] === Python API Integration Test Starting ===
[2026-07-04 13:58:06.869] [DEBUG] [Python] This is a debug message from Python.
[2026-07-04 13:58:06.869] [WARN]  [Python] This is a warning from Python.
[2026-07-04 13:58:06.869] [INFO]  [Python] Config default dimensions: 1024x1024
[2026-07-04 13:58:06.869] [INFO]  [Python] Resizing canvas via Python to 2048x1024...
[2026-07-04 13:58:06.869] [INFO]  Resizing canvas from 1024x1024 to 2048x1024
[2026-07-04 13:58:06.878] [INFO]  Canvas resized to: 2048x1024
[2026-07-04 13:58:06.878] [INFO]  [Python] Testing native DDS load: testfield/SandroneBangsADiffuse.dds
[2026-07-04 13:58:06.897] [INFO]  DDS texture loaded successfully (1024x1024): testfield/SandroneBangsADiffuse.dds
[2026-07-04 13:58:06.910] [INFO]  Successfully imported layer from: testfield/SandroneBangsADiffuse.dds
[2026-07-04 13:58:07.264] [INFO]  Image saved successfully: testfield/temp_diffuse_export.png
[2026-07-04 13:58:07.266] [INFO]  [Python] Testing save_dds with format index 1 to testfield/temp_diffuse_export_1.dds
[2026-07-04 13:58:07.310] [INFO]  DDS texture saved successfully (2048x1024): testfield/temp_diffuse_export_1.dds
[2026-07-04 13:58:07.315] [INFO]  [Python] Testing save_dds with format index 2 to testfield/temp_diffuse_export_2.dds
[2026-07-04 13:58:07.349] [INFO]  DDS texture saved successfully (2048x1024): testfield/temp_diffuse_export_2.dds
[2026-07-04 13:58:07.354] [INFO]  [Python] Testing save_dds with format index 3 to testfield/temp_diffuse_export_3.dds
[2026-07-04 13:58:07.426] [INFO]  DDS texture saved successfully (2048x1024): testfield/temp_diffuse_export_3.dds
[2026-07-04 13:58:07.430] [INFO]  [Python] Testing save_dds with format index 4 to testfield/temp_diffuse_export_4.dds
[2026-07-04 13:58:07.469] [INFO]  DDS texture saved successfully (2048x1024): testfield/temp_diffuse_export_4.dds
[2026-07-04 13:58:07.471] [INFO]  [Python] Testing save_dds with format index 5 to testfield/temp_diffuse_export_5.dds
[2026-07-04 13:58:07.515] [INFO]  DDS texture saved successfully (2048x1024): testfield/temp_diffuse_export_5.dds
[2026-07-04 13:58:07.518] [INFO]  [Python] Testing save_dds with format index 6 to testfield/temp_diffuse_export_6.dds
[2026-07-04 13:58:07.554] [INFO]  DDS texture saved successfully (2048x1024): testfield/temp_diffuse_export_6.dds
[2026-07-04 13:58:07.557] [INFO]  [Python] Testing save_image with ICC profile: testfield/dummy_test.icc
[2026-07-04 13:58:07.982] [INFO]  Embedded ICC profile 'dummy_test' into PNG file: testfield/temp_icc_export.png
[2026-07-04 13:58:07.982] [INFO]  Image saved successfully: testfield/temp_icc_export.png
[2026-07-04 13:58:07.984] [INFO]  [Python] Verified: 'iCCP' chunk is embedded in the exported PNG!
[2026-07-04 13:58:07.985] [INFO]  [Python] DDS native validation check and ICC profile test: PASSED.
[2026-07-04 13:58:07.986] [INFO]  [Python] === Python API Integration Test Completed Successfully ===
[2026-07-04 13:58:07.994] [INFO]  [TEST] Render completed. Saving config and exiting successfully.
[2026-07-04 13:58:08.000] [INFO]  Shutting down embedded Python interpreter...
[2026-07-04 13:58:08.004] [INFO]  ThreadPool shut down successfully.
[2026-07-04 13:58:08.004] [INFO]  RayVPaint shut down cleanly.
[2026-07-04 14:00:14.021] [INFO]  ===================================================
[2026-07-04 14:00:14.021] [INFO]  Starting RayVPaint tech-art editor...
[2026-07-04 14:00:14.021] [INFO]  Configuration loaded successfully from config.json
[2026-07-04 14:00:14.022] [INFO]  Initializing ThreadPool with 16 worker threads.
[2026-07-04 14:00:14.025] [INFO]  Initializing embedded Python interpreter...
[2026-07-04 14:00:14.044] [INFO]  [Python] Python Interpreter Initialized. Version: 3.13.2 (tags/v3.13.2:4f8bb39, Feb  4 2025, 15:23:48) [MSC v.1942 64 bit (AMD64)]
[2026-07-04 14:00:14.237] [INFO]  Created new layer: Background
[2026-07-04 14:00:14.238] [INFO]  Startup completed in: 217.163600 ms
[2026-07-04 14:00:14.244] [INFO]  [TEST] Render completed. Saving config and exiting successfully.
[2026-07-04 14:00:14.272] [INFO]  Shutting down embedded Python interpreter...
[2026-07-04 14:00:14.275] [INFO]  ThreadPool shut down successfully.
[2026-07-04 14:00:14.275] [INFO]  RayVPaint shut down cleanly.
[2026-07-04 14:00:14.302] [INFO]  ===================================================
[2026-07-04 14:00:14.302] [INFO]  Starting RayVPaint tech-art editor...
[2026-07-04 14:00:14.302] [INFO]  Configuration loaded successfully from config.json
[2026-07-04 14:00:14.303] [INFO]  Initializing ThreadPool with 16 worker threads.
[2026-07-04 14:00:14.306] [INFO]  Initializing embedded Python interpreter...
[2026-07-04 14:00:14.322] [INFO]  [Python] Python Interpreter Initialized. Version: 3.13.2 (tags/v3.13.2:4f8bb39, Feb  4 2025, 15:23:48) [MSC v.1942 64 bit (AMD64)]
[2026-07-04 14:00:14.367] [INFO]  Created new layer: Background
[2026-07-04 14:00:14.368] [INFO]  Startup completed in: 67.092300 ms
[2026-07-04 14:00:14.368] [INFO]  Executing Python script: test_script.py
[2026-07-04 14:00:14.370] [INFO]  [Python] === Python API Integration Test Starting ===
[2026-07-04 14:00:14.370] [DEBUG] [Python] This is a debug message from Python.
[2026-07-04 14:00:14.370] [WARN]  [Python] This is a warning from Python.
[2026-07-04 14:00:14.370] [INFO]  [Python] Config default dimensions: 1024x1024
[2026-07-04 14:00:14.370] [INFO]  [Python] Resizing canvas via Python to 2048x1024...
[2026-07-04 14:00:14.370] [INFO]  Resizing canvas from 1024x1024 to 2048x1024
[2026-07-04 14:00:14.381] [INFO]  Canvas resized to: 2048x1024
[2026-07-04 14:00:14.381] [INFO]  [Python] Testing native DDS load: testfield/SandroneBangsADiffuse.dds
[2026-07-04 14:00:14.400] [INFO]  DDS texture loaded successfully (1024x1024): testfield/SandroneBangsADiffuse.dds
[2026-07-04 14:00:14.413] [INFO]  Successfully imported layer from: testfield/SandroneBangsADiffuse.dds
[2026-07-04 14:00:14.745] [INFO]  Image saved successfully: testfield/temp_diffuse_export.png
[2026-07-04 14:00:14.747] [INFO]  [Python] Testing save_dds with format index 1 to testfield/temp_diffuse_export_1.dds
[2026-07-04 14:00:14.798] [INFO]  DDS texture saved successfully (2048x1024): testfield/temp_diffuse_export_1.dds
[2026-07-04 14:00:14.805] [INFO]  [Python] Testing save_dds with format index 2 to testfield/temp_diffuse_export_2.dds
[2026-07-04 14:00:14.839] [INFO]  DDS texture saved successfully (2048x1024): testfield/temp_diffuse_export_2.dds
[2026-07-04 14:00:14.843] [INFO]  [Python] Testing save_dds with format index 3 to testfield/temp_diffuse_export_3.dds
[2026-07-04 14:00:14.887] [INFO]  DDS texture saved successfully (2048x1024): testfield/temp_diffuse_export_3.dds
[2026-07-04 14:00:14.891] [INFO]  [Python] Testing save_dds with format index 4 to testfield/temp_diffuse_export_4.dds
[2026-07-04 14:00:14.911] [INFO]  DDS texture saved successfully (2048x1024): testfield/temp_diffuse_export_4.dds
[2026-07-04 14:00:14.913] [INFO]  [Python] Testing save_dds with format index 5 to testfield/temp_diffuse_export_5.dds
[2026-07-04 14:00:14.946] [INFO]  DDS texture saved successfully (2048x1024): testfield/temp_diffuse_export_5.dds
[2026-07-04 14:00:14.949] [INFO]  [Python] Testing save_dds with format index 6 to testfield/temp_diffuse_export_6.dds
[2026-07-04 14:00:14.972] [INFO]  DDS texture saved successfully (2048x1024): testfield/temp_diffuse_export_6.dds
[2026-07-04 14:00:14.975] [INFO]  [Python] Testing save_image with ICC profile: testfield/dummy_test.icc
[2026-07-04 14:00:15.295] [INFO]  Embedded ICC profile 'dummy_test' into PNG file: testfield/temp_icc_export.png
[2026-07-04 14:00:15.295] [INFO]  Image saved successfully: testfield/temp_icc_export.png
[2026-07-04 14:00:15.297] [INFO]  [Python] Verified: 'iCCP' chunk is embedded in the exported PNG!
[2026-07-04 14:00:15.298] [INFO]  [Python] DDS native validation check and ICC profile test: PASSED.
[2026-07-04 14:00:15.298] [INFO]  [Python] === Python API Integration Test Completed Successfully ===
[2026-07-04 14:00:15.304] [INFO]  [TEST] Render completed. Saving config and exiting successfully.
[2026-07-04 14:00:15.309] [INFO]  Shutting down embedded Python interpreter...
[2026-07-04 14:00:15.312] [INFO]  ThreadPool shut down successfully.
[2026-07-04 14:00:15.312] [INFO]  RayVPaint shut down cleanly.
[2026-07-04 16:55:57.198] [INFO]  ===================================================
[2026-07-04 16:55:57.198] [INFO]  Starting RayVPaint tech-art editor...
[2026-07-04 16:55:57.198] [INFO]  Configuration loaded successfully from config.json
[2026-07-04 16:55:57.198] [INFO]  Initializing ThreadPool with 16 worker threads.
[2026-07-04 16:55:57.201] [INFO]  Initializing embedded Python interpreter...
[2026-07-04 16:55:57.218] [INFO]  [Python] Python Interpreter Initialized. Version: 3.13.2 (tags/v3.13.2:4f8bb39, Feb  4 2025, 15:23:48) [MSC v.1942 64 bit (AMD64)]
[2026-07-04 16:55:57.424] [INFO]  Created new layer: Background
[2026-07-04 16:55:57.425] [INFO]  Startup completed in: 227.349400 ms
[2026-07-04 16:55:57.431] [INFO]  [TEST] Render completed. Saving config and exiting successfully.
[2026-07-04 16:55:57.461] [INFO]  Shutting down embedded Python interpreter...
[2026-07-04 16:55:57.465] [INFO]  ThreadPool shut down successfully.
[2026-07-04 16:55:57.465] [INFO]  RayVPaint shut down cleanly.
[2026-07-04 16:55:57.488] [INFO]  ===================================================
[2026-07-04 16:55:57.489] [INFO]  Starting RayVPaint tech-art editor...
[2026-07-04 16:55:57.489] [INFO]  Configuration loaded successfully from config.json
[2026-07-04 16:55:57.489] [INFO]  Initializing ThreadPool with 16 worker threads.
[2026-07-04 16:55:57.491] [INFO]  Initializing embedded Python interpreter...
[2026-07-04 16:55:57.508] [INFO]  [Python] Python Interpreter Initialized. Version: 3.13.2 (tags/v3.13.2:4f8bb39, Feb  4 2025, 15:23:48) [MSC v.1942 64 bit (AMD64)]
[2026-07-04 16:55:57.554] [INFO]  Created new layer: Background
[2026-07-04 16:55:57.554] [INFO]  Startup completed in: 66.298200 ms
[2026-07-04 16:55:57.554] [INFO]  Executing Python script: test_script.py
[2026-07-04 16:55:57.555] [INFO]  [Python] === Python API Integration Test Starting ===
[2026-07-04 16:55:57.555] [DEBUG] [Python] This is a debug message from Python.
[2026-07-04 16:55:57.556] [WARN]  [Python] This is a warning from Python.
[2026-07-04 16:55:57.556] [INFO]  [Python] Config default dimensions: 1024x1024
[2026-07-04 16:55:57.556] [INFO]  [Python] Resizing canvas via Python to 2048x1024...
[2026-07-04 16:55:57.556] [INFO]  Resizing canvas from 1024x1024 to 2048x1024
[2026-07-04 16:55:57.566] [INFO]  Canvas resized to: 2048x1024
[2026-07-04 16:55:57.566] [INFO]  [Python] Testing native DDS load: testfield/SandroneBangsADiffuse.dds
[2026-07-04 16:55:57.587] [INFO]  DDS texture loaded successfully (1024x1024): testfield/SandroneBangsADiffuse.dds
[2026-07-04 16:55:57.600] [INFO]  Successfully imported layer from: testfield/SandroneBangsADiffuse.dds
[2026-07-04 16:55:57.935] [INFO]  Image saved successfully: testfield/temp_diffuse_export.png
[2026-07-04 16:55:57.936] [INFO]  [Python] Testing save_dds with format index 1 to testfield/temp_diffuse_export_1.dds
[2026-07-04 16:55:57.973] [INFO]  DDS texture saved successfully (2048x1024): testfield/temp_diffuse_export_1.dds
[2026-07-04 16:55:57.978] [INFO]  [Python] Testing save_dds with format index 2 to testfield/temp_diffuse_export_2.dds
[2026-07-04 16:55:58.013] [INFO]  DDS texture saved successfully (2048x1024): testfield/temp_diffuse_export_2.dds
[2026-07-04 16:55:58.017] [INFO]  [Python] Testing save_dds with format index 3 to testfield/temp_diffuse_export_3.dds
[2026-07-04 16:55:58.057] [INFO]  DDS texture saved successfully (2048x1024): testfield/temp_diffuse_export_3.dds
[2026-07-04 16:55:58.060] [INFO]  [Python] Testing save_dds with format index 4 to testfield/temp_diffuse_export_4.dds
[2026-07-04 16:55:58.082] [INFO]  DDS texture saved successfully (2048x1024): testfield/temp_diffuse_export_4.dds
[2026-07-04 16:55:58.084] [INFO]  [Python] Testing save_dds with format index 5 to testfield/temp_diffuse_export_5.dds
[2026-07-04 16:55:58.107] [INFO]  DDS texture saved successfully (2048x1024): testfield/temp_diffuse_export_5.dds
[2026-07-04 16:55:58.109] [INFO]  [Python] Testing save_dds with format index 6 to testfield/temp_diffuse_export_6.dds
[2026-07-04 16:55:58.134] [INFO]  DDS texture saved successfully (2048x1024): testfield/temp_diffuse_export_6.dds
[2026-07-04 16:55:58.137] [INFO]  [Python] Testing save_image with ICC profile: testfield/dummy_test.icc
[2026-07-04 16:55:58.458] [INFO]  Embedded ICC profile 'dummy_test' into PNG file: testfield/temp_icc_export.png
[2026-07-04 16:55:58.458] [INFO]  Image saved successfully: testfield/temp_icc_export.png
[2026-07-04 16:55:58.460] [INFO]  [Python] Verified: 'iCCP' chunk is embedded in the exported PNG!
[2026-07-04 16:55:58.461] [INFO]  [Python] DDS native validation check and ICC profile test: PASSED.
[2026-07-04 16:55:58.461] [INFO]  [Python] === Python API Integration Test Completed Successfully ===
[2026-07-04 16:55:58.469] [INFO]  [TEST] Render completed. Saving config and exiting successfully.
[2026-07-04 16:55:58.473] [INFO]  Shutting down embedded Python interpreter...
[2026-07-04 16:55:58.477] [INFO]  ThreadPool shut down successfully.
[2026-07-04 16:55:58.477] [INFO]  RayVPaint shut down cleanly.
[2026-07-04 17:21:36.970] [INFO]  ===================================================
[2026-07-04 17:21:36.970] [INFO]  Starting RayVPaint tech-art editor...
[2026-07-04 17:21:36.970] [INFO]  Configuration loaded successfully from config.json
[2026-07-04 17:21:36.971] [INFO]  Initializing ThreadPool with 16 worker threads.
[2026-07-04 17:21:36.973] [INFO]  Initializing embedded Python interpreter...
[2026-07-04 17:21:36.989] [INFO]  [Python] Python Interpreter Initialized. Version: 3.13.2 (tags/v3.13.2:4f8bb39, Feb  4 2025, 15:23:48) [MSC v.1942 64 bit (AMD64)]
[2026-07-04 17:21:37.005] [DEBUG] Resolved scancode for EraserTool (E): 18
[2026-07-04 17:21:37.005] [DEBUG] Resolved scancode for Undo (Ctrl+Z): 44
[2026-07-04 17:21:37.005] [DEBUG] Resolved scancode for Redo (Ctrl+Y): 21
[2026-07-04 17:21:37.005] [DEBUG] Resolved scancode for BrushTool (B): 48
[2026-07-04 17:21:37.005] [DEBUG] Resolved scancode for SaveProject (Ctrl+S): 31
[2026-07-04 17:21:37.005] [DEBUG] Resolved scancode for OpenProject (Ctrl+O): 24
[2026-07-04 17:21:37.005] [DEBUG] Resolved scancode for PanTool (H): 35
[2026-07-04 17:21:37.005] [WARN]  Failed to open keymap config: keymap.json. Using defaults.
[2026-07-04 17:21:37.210] [INFO]  Created new layer: Background
[2026-07-04 17:21:37.211] [INFO]  Startup completed in: 241.520000 ms
[2026-07-04 17:21:37.217] [INFO]  [TEST] Render completed. Saving config and exiting successfully.
[2026-07-04 17:21:37.257] [INFO]  Shutting down embedded Python interpreter...
[2026-07-04 17:21:37.260] [INFO]  ThreadPool shut down successfully.
[2026-07-04 17:21:37.260] [INFO]  RayVPaint shut down cleanly.
[2026-07-04 17:21:37.287] [INFO]  ===================================================
[2026-07-04 17:21:37.287] [INFO]  Starting RayVPaint tech-art editor...
[2026-07-04 17:21:37.287] [INFO]  Configuration loaded successfully from config.json
[2026-07-04 17:21:37.288] [INFO]  Initializing ThreadPool with 16 worker threads.
[2026-07-04 17:21:37.291] [INFO]  Initializing embedded Python interpreter...
[2026-07-04 17:21:37.309] [INFO]  [Python] Python Interpreter Initialized. Version: 3.13.2 (tags/v3.13.2:4f8bb39, Feb  4 2025, 15:23:48) [MSC v.1942 64 bit (AMD64)]
[2026-07-04 17:21:37.325] [DEBUG] Resolved scancode for EraserTool (E): 18
[2026-07-04 17:21:37.325] [DEBUG] Resolved scancode for Undo (Ctrl+Z): 44
[2026-07-04 17:21:37.325] [DEBUG] Resolved scancode for Redo (Ctrl+Y): 21
[2026-07-04 17:21:37.325] [DEBUG] Resolved scancode for BrushTool (B): 48
[2026-07-04 17:21:37.325] [DEBUG] Resolved scancode for SaveProject (Ctrl+S): 31
[2026-07-04 17:21:37.325] [DEBUG] Resolved scancode for OpenProject (Ctrl+O): 24
[2026-07-04 17:21:37.325] [DEBUG] Resolved scancode for PanTool (H): 35
[2026-07-04 17:21:37.325] [WARN]  Failed to open keymap config: keymap.json. Using defaults.
[2026-07-04 17:21:37.357] [INFO]  Created new layer: Background
[2026-07-04 17:21:37.358] [INFO]  Startup completed in: 71.180500 ms
[2026-07-04 17:21:37.358] [INFO]  Executing Python script: test_script.py
[2026-07-04 17:21:37.359] [INFO]  [Python] === Python API Integration Test Starting ===
[2026-07-04 17:21:37.359] [DEBUG] [Python] This is a debug message from Python.
[2026-07-04 17:21:37.359] [WARN]  [Python] This is a warning from Python.
[2026-07-04 17:21:37.359] [INFO]  [Python] Config default dimensions: 1024x1024
[2026-07-04 17:21:37.359] [INFO]  [Python] Resizing canvas via Python to 2048x1024...
[2026-07-04 17:21:37.359] [INFO]  Resizing canvas from 1024x1024 to 2048x1024
[2026-07-04 17:21:37.369] [INFO]  Canvas resized to: 2048x1024
[2026-07-04 17:21:37.369] [INFO]  [Python] Testing native DDS load: testfield/SandroneBangsADiffuse.dds
[2026-07-04 17:21:37.390] [INFO]  DDS texture loaded successfully (1024x1024): testfield/SandroneBangsADiffuse.dds
[2026-07-04 17:21:37.402] [INFO]  Successfully imported layer from: testfield/SandroneBangsADiffuse.dds
[2026-07-04 17:21:37.747] [INFO]  Image saved successfully: testfield/temp_diffuse_export.png
[2026-07-04 17:21:37.748] [INFO]  [Python] Testing save_dds with format index 1 to testfield/temp_diffuse_export_1.dds
[2026-07-04 17:21:37.788] [INFO]  DDS texture saved successfully (2048x1024): testfield/temp_diffuse_export_1.dds
[2026-07-04 17:21:37.793] [INFO]  [Python] Testing save_dds with format index 2 to testfield/temp_diffuse_export_2.dds
[2026-07-04 17:21:37.826] [INFO]  DDS texture saved successfully (2048x1024): testfield/temp_diffuse_export_2.dds
[2026-07-04 17:21:37.830] [INFO]  [Python] Testing save_dds with format index 3 to testfield/temp_diffuse_export_3.dds
[2026-07-04 17:21:37.874] [INFO]  DDS texture saved successfully (2048x1024): testfield/temp_diffuse_export_3.dds
[2026-07-04 17:21:37.877] [INFO]  [Python] Testing save_dds with format index 4 to testfield/temp_diffuse_export_4.dds
[2026-07-04 17:21:37.896] [INFO]  DDS texture saved successfully (2048x1024): testfield/temp_diffuse_export_4.dds
[2026-07-04 17:21:37.898] [INFO]  [Python] Testing save_dds with format index 5 to testfield/temp_diffuse_export_5.dds
[2026-07-04 17:21:37.921] [INFO]  DDS texture saved successfully (2048x1024): testfield/temp_diffuse_export_5.dds
[2026-07-04 17:21:37.923] [INFO]  [Python] Testing save_dds with format index 6 to testfield/temp_diffuse_export_6.dds
[2026-07-04 17:21:37.944] [INFO]  DDS texture saved successfully (2048x1024): testfield/temp_diffuse_export_6.dds
[2026-07-04 17:21:37.947] [INFO]  [Python] Testing save_image with ICC profile: testfield/dummy_test.icc
[2026-07-04 17:21:38.271] [INFO]  Embedded ICC profile 'dummy_test' into PNG file: testfield/temp_icc_export.png
[2026-07-04 17:21:38.271] [INFO]  Image saved successfully: testfield/temp_icc_export.png
[2026-07-04 17:21:38.273] [INFO]  [Python] Verified: 'iCCP' chunk is embedded in the exported PNG!
[2026-07-04 17:21:38.274] [INFO]  [Python] DDS native validation check and ICC profile test: PASSED.
[2026-07-04 17:21:38.274] [INFO]  [Python] === Python API Integration Test Completed Successfully ===
[2026-07-04 17:21:38.280] [INFO]  [TEST] Render completed. Saving config and exiting successfully.
[2026-07-04 17:21:38.286] [INFO]  Shutting down embedded Python interpreter...
[2026-07-04 17:21:38.289] [INFO]  ThreadPool shut down successfully.
[2026-07-04 17:21:38.289] [INFO]  RayVPaint shut down cleanly.
[2026-07-04 18:32:27.144] [INFO]  ===================================================
[2026-07-04 18:32:27.144] [INFO]  Starting RayVPaint tech-art editor...
[2026-07-04 18:32:27.144] [INFO]  Configuration loaded successfully from config.json
[2026-07-04 18:32:27.145] [INFO]  Initializing ThreadPool with 16 worker threads.
[2026-07-04 18:32:27.147] [INFO]  Initializing embedded Python interpreter...
[2026-07-04 18:32:27.163] [INFO]  [Python] Python Interpreter Initialized. Version: 3.13.2 (tags/v3.13.2:4f8bb39, Feb  4 2025, 15:23:48) [MSC v.1942 64 bit (AMD64)]
[2026-07-04 18:32:27.181] [DEBUG] Resolved scancode for EraserTool (E): 18
[2026-07-04 18:32:27.182] [DEBUG] Resolved scancode for Undo (Ctrl+Z): 44
[2026-07-04 18:32:27.182] [DEBUG] Resolved scancode for Redo (Ctrl+Y): 21
[2026-07-04 18:32:27.182] [DEBUG] Resolved scancode for BrushTool (B): 48
[2026-07-04 18:32:27.182] [DEBUG] Resolved scancode for SaveProject (Ctrl+S): 31
[2026-07-04 18:32:27.182] [DEBUG] Resolved scancode for OpenProject (Ctrl+O): 24
[2026-07-04 18:32:27.182] [DEBUG] Resolved scancode for PanTool (H): 35
[2026-07-04 18:32:27.182] [WARN]  Failed to open keymap config: keymap.json. Using defaults.
[2026-07-04 18:32:27.378] [INFO]  Created new layer: Background
[2026-07-04 18:32:27.378] [INFO]  Startup completed in: 235.062400 ms
[2026-07-04 18:32:27.384] [INFO]  [TEST] Render completed. Saving config and exiting successfully.
[2026-07-04 18:32:27.414] [INFO]  Shutting down embedded Python interpreter...
[2026-07-04 18:32:27.418] [INFO]  ThreadPool shut down successfully.
[2026-07-04 18:32:27.418] [INFO]  RayVPaint shut down cleanly.
[2026-07-04 18:32:27.442] [INFO]  ===================================================
[2026-07-04 18:32:27.442] [INFO]  Starting RayVPaint tech-art editor...
[2026-07-04 18:32:27.442] [INFO]  Configuration loaded successfully from config.json
[2026-07-04 18:32:27.442] [INFO]  Initializing ThreadPool with 16 worker threads.
[2026-07-04 18:32:27.445] [INFO]  Initializing embedded Python interpreter...
[2026-07-04 18:32:27.459] [INFO]  [Python] Python Interpreter Initialized. Version: 3.13.2 (tags/v3.13.2:4f8bb39, Feb  4 2025, 15:23:48) [MSC v.1942 64 bit (AMD64)]
[2026-07-04 18:32:27.477] [DEBUG] Resolved scancode for EraserTool (E): 18
[2026-07-04 18:32:27.477] [DEBUG] Resolved scancode for Undo (Ctrl+Z): 44
[2026-07-04 18:32:27.477] [DEBUG] Resolved scancode for Redo (Ctrl+Y): 21
[2026-07-04 18:32:27.478] [DEBUG] Resolved scancode for BrushTool (B): 48
[2026-07-04 18:32:27.478] [DEBUG] Resolved scancode for SaveProject (Ctrl+S): 31
[2026-07-04 18:32:27.478] [DEBUG] Resolved scancode for OpenProject (Ctrl+O): 24
[2026-07-04 18:32:27.478] [DEBUG] Resolved scancode for PanTool (H): 35
[2026-07-04 18:32:27.478] [WARN]  Failed to open keymap config: keymap.json. Using defaults.
[2026-07-04 18:32:27.506] [INFO]  Created new layer: Background
[2026-07-04 18:32:27.507] [INFO]  Startup completed in: 65.670900 ms
[2026-07-04 18:32:27.507] [INFO]  Executing Python script: test_script.py
[2026-07-04 18:32:27.508] [INFO]  [Python] === Python API Integration Test Starting ===
[2026-07-04 18:32:27.508] [DEBUG] [Python] This is a debug message from Python.
[2026-07-04 18:32:27.508] [WARN]  [Python] This is a warning from Python.
[2026-07-04 18:32:27.508] [INFO]  [Python] Config default dimensions: 1024x1024
[2026-07-04 18:32:27.508] [INFO]  [Python] Resizing canvas via Python to 2048x1024...
[2026-07-04 18:32:27.508] [INFO]  Resizing canvas from 1024x1024 to 2048x1024
[2026-07-04 18:32:27.517] [INFO]  Canvas resized to: 2048x1024
[2026-07-04 18:32:27.517] [INFO]  [Python] Testing native DDS load: testfield/SandroneBangsADiffuse.dds
[2026-07-04 18:32:27.542] [INFO]  DDS texture loaded successfully (1024x1024): testfield/SandroneBangsADiffuse.dds
[2026-07-04 18:32:27.554] [INFO]  Successfully imported layer from: testfield/SandroneBangsADiffuse.dds
[2026-07-04 18:32:27.921] [INFO]  Image saved successfully: testfield/temp_diffuse_export.png
[2026-07-04 18:32:27.923] [INFO]  [Python] Testing save_dds with format index 1 to testfield/temp_diffuse_export_1.dds
[2026-07-04 18:32:27.966] [INFO]  DDS texture saved successfully (2048x1024): testfield/temp_diffuse_export_1.dds
[2026-07-04 18:32:27.972] [INFO]  [Python] Testing save_dds with format index 2 to testfield/temp_diffuse_export_2.dds
[2026-07-04 18:32:28.001] [INFO]  DDS texture saved successfully (2048x1024): testfield/temp_diffuse_export_2.dds
[2026-07-04 18:32:28.004] [INFO]  [Python] Testing save_dds with format index 3 to testfield/temp_diffuse_export_3.dds
[2026-07-04 18:32:28.046] [INFO]  DDS texture saved successfully (2048x1024): testfield/temp_diffuse_export_3.dds
[2026-07-04 18:32:28.049] [INFO]  [Python] Testing save_dds with format index 4 to testfield/temp_diffuse_export_4.dds
[2026-07-04 18:32:28.077] [INFO]  DDS texture saved successfully (2048x1024): testfield/temp_diffuse_export_4.dds
[2026-07-04 18:32:28.078] [INFO]  [Python] Testing save_dds with format index 5 to testfield/temp_diffuse_export_5.dds
[2026-07-04 18:32:28.101] [INFO]  DDS texture saved successfully (2048x1024): testfield/temp_diffuse_export_5.dds
[2026-07-04 18:32:28.103] [INFO]  [Python] Testing save_dds with format index 6 to testfield/temp_diffuse_export_6.dds
[2026-07-04 18:32:28.124] [INFO]  DDS texture saved successfully (2048x1024): testfield/temp_diffuse_export_6.dds
[2026-07-04 18:32:28.127] [INFO]  [Python] Testing save_image with ICC profile: testfield/dummy_test.icc
[2026-07-04 18:32:28.492] [INFO]  Embedded ICC profile 'dummy_test' into PNG file: testfield/temp_icc_export.png
[2026-07-04 18:32:28.492] [INFO]  Image saved successfully: testfield/temp_icc_export.png
[2026-07-04 18:32:28.494] [INFO]  [Python] Verified: 'iCCP' chunk is embedded in the exported PNG!
[2026-07-04 18:32:28.495] [INFO]  [Python] DDS native validation check and ICC profile test: PASSED.
[2026-07-04 18:32:28.495] [INFO]  [Python] === Python API Integration Test Completed Successfully ===
[2026-07-04 18:32:28.502] [INFO]  [TEST] Render completed. Saving config and exiting successfully.
[2026-07-04 18:32:28.508] [INFO]  Shutting down embedded Python interpreter...
[2026-07-04 18:32:28.511] [INFO]  ThreadPool shut down successfully.
[2026-07-04 18:32:28.511] [INFO]  RayVPaint shut down cleanly.
[2026-07-04 19:05:20.771] [INFO]  ===================================================
[2026-07-04 19:05:20.771] [INFO]  Starting RayVPaint tech-art editor...
[2026-07-04 19:05:20.772] [INFO]  Configuration loaded successfully from config.json
[2026-07-04 19:05:20.772] [INFO]  Initializing ThreadPool with 16 worker threads.
[2026-07-04 19:05:20.774] [INFO]  Initializing embedded Python interpreter...
[2026-07-04 19:05:20.790] [INFO]  [Python] Python Interpreter Initialized. Version: 3.13.2 (tags/v3.13.2:4f8bb39, Feb  4 2025, 15:23:48) [MSC v.1942 64 bit (AMD64)]
[2026-07-04 19:05:20.808] [DEBUG] Resolved scancode for EraserTool (E): 18
[2026-07-04 19:05:20.808] [DEBUG] Resolved scancode for Undo (Ctrl+Z): 44
[2026-07-04 19:05:20.809] [DEBUG] Resolved scancode for Redo (Ctrl+Y): 21
[2026-07-04 19:05:20.809] [DEBUG] Resolved scancode for BrushTool (B): 48
[2026-07-04 19:05:20.809] [DEBUG] Resolved scancode for SaveProject (Ctrl+S): 31
[2026-07-04 19:05:20.809] [DEBUG] Resolved scancode for OpenProject (Ctrl+O): 24
[2026-07-04 19:05:20.809] [DEBUG] Resolved scancode for PanTool (H): 35
[2026-07-04 19:05:20.809] [WARN]  Failed to open keymap config: keymap.json. Using defaults.
[2026-07-04 19:05:20.988] [INFO]  Created new layer: Background
[2026-07-04 19:05:20.988] [INFO]  Startup completed in: 218.020800 ms
[2026-07-04 19:05:20.994] [INFO]  [TEST] Render completed. Saving config and exiting successfully.
[2026-07-04 19:05:21.024] [INFO]  Shutting down embedded Python interpreter...
[2026-07-04 19:05:21.026] [INFO]  ThreadPool shut down successfully.
[2026-07-04 19:05:21.027] [INFO]  RayVPaint shut down cleanly.
[2026-07-04 19:05:21.052] [INFO]  ===================================================
[2026-07-04 19:05:21.052] [INFO]  Starting RayVPaint tech-art editor...
[2026-07-04 19:05:21.052] [INFO]  Configuration loaded successfully from config.json
[2026-07-04 19:05:21.053] [INFO]  Initializing ThreadPool with 16 worker threads.
[2026-07-04 19:05:21.055] [INFO]  Initializing embedded Python interpreter...
[2026-07-04 19:05:21.071] [INFO]  [Python] Python Interpreter Initialized. Version: 3.13.2 (tags/v3.13.2:4f8bb39, Feb  4 2025, 15:23:48) [MSC v.1942 64 bit (AMD64)]
[2026-07-04 19:05:21.088] [DEBUG] Resolved scancode for EraserTool (E): 18
[2026-07-04 19:05:21.088] [DEBUG] Resolved scancode for Undo (Ctrl+Z): 44
[2026-07-04 19:05:21.088] [DEBUG] Resolved scancode for Redo (Ctrl+Y): 21
[2026-07-04 19:05:21.088] [DEBUG] Resolved scancode for BrushTool (B): 48
[2026-07-04 19:05:21.088] [DEBUG] Resolved scancode for SaveProject (Ctrl+S): 31
[2026-07-04 19:05:21.088] [DEBUG] Resolved scancode for OpenProject (Ctrl+O): 24
[2026-07-04 19:05:21.089] [DEBUG] Resolved scancode for PanTool (H): 35
[2026-07-04 19:05:21.089] [WARN]  Failed to open keymap config: keymap.json. Using defaults.
[2026-07-04 19:05:21.115] [INFO]  Created new layer: Background
[2026-07-04 19:05:21.116] [INFO]  Startup completed in: 64.078700 ms
[2026-07-04 19:05:21.116] [INFO]  Executing Python script: test_script.py
[2026-07-04 19:05:21.117] [INFO]  [Python] === Python API Integration Test Starting ===
[2026-07-04 19:05:21.117] [DEBUG] [Python] This is a debug message from Python.
[2026-07-04 19:05:21.117] [WARN]  [Python] This is a warning from Python.
[2026-07-04 19:05:21.117] [INFO]  [Python] Config default dimensions: 1024x1024
[2026-07-04 19:05:21.118] [INFO]  [Python] Resizing canvas via Python to 2048x1024...
[2026-07-04 19:05:21.118] [INFO]  Resizing canvas from 1024x1024 to 2048x1024
[2026-07-04 19:05:21.127] [INFO]  Canvas resized to: 2048x1024
[2026-07-04 19:05:21.127] [INFO]  [Python] Testing native DDS load: testfield/SandroneBangsADiffuse.dds
[2026-07-04 19:05:21.147] [INFO]  DDS texture loaded successfully (1024x1024): testfield/SandroneBangsADiffuse.dds
[2026-07-04 19:05:21.160] [INFO]  Successfully imported layer from: testfield/SandroneBangsADiffuse.dds
[2026-07-04 19:05:21.514] [INFO]  Image saved successfully: testfield/temp_diffuse_export.png
[2026-07-04 19:05:21.515] [INFO]  [Python] Testing save_dds with format index 1 to testfield/temp_diffuse_export_1.dds
[2026-07-04 19:05:21.558] [INFO]  DDS texture saved successfully (2048x1024): testfield/temp_diffuse_export_1.dds
[2026-07-04 19:05:21.563] [INFO]  [Python] Testing save_dds with format index 2 to testfield/temp_diffuse_export_2.dds
[2026-07-04 19:05:21.598] [INFO]  DDS texture saved successfully (2048x1024): testfield/temp_diffuse_export_2.dds
[2026-07-04 19:05:21.601] [INFO]  [Python] Testing save_dds with format index 3 to testfield/temp_diffuse_export_3.dds
[2026-07-04 19:05:21.653] [INFO]  DDS texture saved successfully (2048x1024): testfield/temp_diffuse_export_3.dds
[2026-07-04 19:05:21.656] [INFO]  [Python] Testing save_dds with format index 4 to testfield/temp_diffuse_export_4.dds
[2026-07-04 19:05:21.681] [INFO]  DDS texture saved successfully (2048x1024): testfield/temp_diffuse_export_4.dds
[2026-07-04 19:05:21.683] [INFO]  [Python] Testing save_dds with format index 5 to testfield/temp_diffuse_export_5.dds
[2026-07-04 19:05:21.707] [INFO]  DDS texture saved successfully (2048x1024): testfield/temp_diffuse_export_5.dds
[2026-07-04 19:05:21.709] [INFO]  [Python] Testing save_dds with format index 6 to testfield/temp_diffuse_export_6.dds
[2026-07-04 19:05:21.731] [INFO]  DDS texture saved successfully (2048x1024): testfield/temp_diffuse_export_6.dds
[2026-07-04 19:05:21.734] [INFO]  [Python] Testing save_image with ICC profile: testfield/dummy_test.icc
[2026-07-04 19:05:22.087] [INFO]  Embedded ICC profile 'dummy_test' into PNG file: testfield/temp_icc_export.png
[2026-07-04 19:05:22.088] [INFO]  Image saved successfully: testfield/temp_icc_export.png
[2026-07-04 19:05:22.090] [INFO]  [Python] Verified: 'iCCP' chunk is embedded in the exported PNG!
[2026-07-04 19:05:22.090] [INFO]  [Python] DDS native validation check and ICC profile test: PASSED.
[2026-07-04 19:05:22.090] [INFO]  [Python] === Python API Integration Test Completed Successfully ===
[2026-07-04 19:05:22.098] [INFO]  [TEST] Render completed. Saving config and exiting successfully.
[2026-07-04 19:05:22.104] [INFO]  Shutting down embedded Python interpreter...
[2026-07-04 19:05:22.107] [INFO]  ThreadPool shut down successfully.
[2026-07-04 19:05:22.107] [INFO]  RayVPaint shut down cleanly.
[2026-07-04 22:15:56.937] [INFO]  ===================================================
[2026-07-04 22:15:56.937] [INFO]  Starting RayVPaint tech-art editor...
[2026-07-04 22:15:56.937] [INFO]  Configuration loaded successfully from config.json
[2026-07-04 22:15:56.938] [INFO]  Initializing ThreadPool with 16 worker threads.
[2026-07-04 22:15:56.940] [INFO]  Initializing embedded Python interpreter...
[2026-07-04 22:15:56.957] [INFO]  [Python] Python Interpreter Initialized. Version: 3.13.2 (tags/v3.13.2:4f8bb39, Feb  4 2025, 15:23:48) [MSC v.1942 64 bit (AMD64)]
[2026-07-04 22:15:56.958] [DEBUG] Resolved scancode for EraserTool (E): 18
[2026-07-04 22:15:56.958] [DEBUG] Resolved scancode for Undo (Ctrl+Z): 44
[2026-07-04 22:15:56.958] [DEBUG] Resolved scancode for Redo (Ctrl+Y): 21
[2026-07-04 22:15:56.958] [DEBUG] Resolved scancode for BrushTool (B): 48
[2026-07-04 22:15:56.958] [DEBUG] Resolved scancode for SaveProject (Ctrl+S): 31
[2026-07-04 22:15:56.958] [DEBUG] Resolved scancode for OpenProject (Ctrl+O): 24
[2026-07-04 22:15:56.959] [DEBUG] Resolved scancode for PanTool (H): 35
[2026-07-04 22:15:56.959] [WARN]  Failed to open keymap config: keymap.json. Using defaults.
[2026-07-04 22:15:57.142] [INFO]  Created new layer: Background
[2026-07-04 22:15:57.143] [INFO]  Startup completed in: 206.762500 ms
[2026-07-04 22:15:57.150] [INFO]  [TEST] Render completed. Saving config and exiting successfully.
[2026-07-04 22:15:57.183] [INFO]  Shutting down embedded Python interpreter...
[2026-07-04 22:16:52.513] [INFO]  ===================================================
[2026-07-04 22:16:52.514] [INFO]  Starting RayVPaint tech-art editor...
[2026-07-04 22:16:52.514] [INFO]  Configuration loaded successfully from config.json
[2026-07-04 22:16:52.514] [INFO]  Initializing ThreadPool with 16 worker threads.
[2026-07-04 22:16:52.517] [INFO]  Initializing embedded Python interpreter...
[2026-07-04 22:16:52.532] [INFO]  [Python] Python Interpreter Initialized. Version: 3.13.2 (tags/v3.13.2:4f8bb39, Feb  4 2025, 15:23:48) [MSC v.1942 64 bit (AMD64)]
[2026-07-04 22:16:52.551] [DEBUG] Resolved scancode for EraserTool (E): 18
[2026-07-04 22:16:52.551] [DEBUG] Resolved scancode for Undo (Ctrl+Z): 44
[2026-07-04 22:16:52.552] [DEBUG] Resolved scancode for Redo (Ctrl+Y): 21
[2026-07-04 22:16:52.552] [DEBUG] Resolved scancode for BrushTool (B): 48
[2026-07-04 22:16:52.552] [DEBUG] Resolved scancode for SaveProject (Ctrl+S): 31
[2026-07-04 22:16:52.552] [DEBUG] Resolved scancode for OpenProject (Ctrl+O): 24
[2026-07-04 22:16:52.552] [DEBUG] Resolved scancode for PanTool (H): 35
[2026-07-04 22:16:52.552] [WARN]  Failed to open keymap config: keymap.json. Using defaults.
[2026-07-04 22:16:52.741] [INFO]  Created new layer: Background
[2026-07-04 22:16:52.742] [INFO]  Startup completed in: 228.649600 ms
[2026-07-04 22:16:52.749] [INFO]  [TEST] Render completed. Saving config and exiting successfully.
[2026-07-04 22:16:52.786] [INFO]  Shutting down embedded Python interpreter...
[2026-07-04 22:16:52.790] [INFO]  ThreadPool shut down successfully.
[2026-07-04 22:16:52.790] [INFO]  RayVPaint shut down cleanly.
[2026-07-04 22:16:52.818] [INFO]  ===================================================
[2026-07-04 22:16:52.819] [INFO]  Starting RayVPaint tech-art editor...
[2026-07-04 22:16:52.819] [INFO]  Configuration loaded successfully from config.json
[2026-07-04 22:16:52.819] [INFO]  Initializing ThreadPool with 16 worker threads.
[2026-07-04 22:16:52.822] [INFO]  Initializing embedded Python interpreter...
[2026-07-04 22:16:52.839] [INFO]  [Python] Python Interpreter Initialized. Version: 3.13.2 (tags/v3.13.2:4f8bb39, Feb  4 2025, 15:23:48) [MSC v.1942 64 bit (AMD64)]
[2026-07-04 22:16:52.863] [DEBUG] Resolved scancode for EraserTool (E): 18
[2026-07-04 22:16:52.864] [DEBUG] Resolved scancode for Undo (Ctrl+Z): 44
[2026-07-04 22:16:52.864] [DEBUG] Resolved scancode for Redo (Ctrl+Y): 21
[2026-07-04 22:16:52.864] [DEBUG] Resolved scancode for BrushTool (B): 48
[2026-07-04 22:16:52.864] [DEBUG] Resolved scancode for SaveProject (Ctrl+S): 31
[2026-07-04 22:16:52.864] [DEBUG] Resolved scancode for OpenProject (Ctrl+O): 24
[2026-07-04 22:16:52.864] [DEBUG] Resolved scancode for PanTool (H): 35
[2026-07-04 22:16:52.864] [WARN]  Failed to open keymap config: keymap.json. Using defaults.
[2026-07-04 22:16:52.896] [INFO]  Created new layer: Background
[2026-07-04 22:16:52.896] [INFO]  Startup completed in: 78.398900 ms
[2026-07-04 22:16:52.897] [INFO]  Executing Python script: test_script.py
[2026-07-04 22:16:52.897] [INFO]  [Python] === Python API Integration Test Starting ===
[2026-07-04 22:16:52.897] [DEBUG] [Python] This is a debug message from Python.
[2026-07-04 22:16:52.897] [WARN]  [Python] This is a warning from Python.
[2026-07-04 22:16:52.898] [INFO]  [Python] Config default dimensions: 1024x1024
[2026-07-04 22:16:52.898] [INFO]  [Python] Resizing canvas via Python to 2048x1024...
[2026-07-04 22:16:52.898] [INFO]  Resizing canvas from 1024x1024 to 2048x1024
[2026-07-04 22:16:52.907] [INFO]  Canvas resized to: 2048x1024
[2026-07-04 22:16:52.907] [INFO]  [Python] Testing native DDS load: testfield/SandroneBangsADiffuse.dds
[2026-07-04 22:16:52.926] [INFO]  DDS texture loaded successfully (1024x1024): testfield/SandroneBangsADiffuse.dds
[2026-07-04 22:16:52.940] [INFO]  Successfully imported layer from: testfield/SandroneBangsADiffuse.dds
[2026-07-04 22:16:53.371] [INFO]  Image saved successfully: testfield/temp_diffuse_export.png
[2026-07-04 22:16:53.373] [INFO]  [Python] Testing save_dds with format index 1 to testfield/temp_diffuse_export_1.dds
[2026-07-04 22:16:53.427] [INFO]  DDS texture saved successfully (2048x1024): testfield/temp_diffuse_export_1.dds
[2026-07-04 22:16:53.433] [INFO]  [Python] Testing save_dds with format index 2 to testfield/temp_diffuse_export_2.dds
[2026-07-04 22:16:53.471] [INFO]  DDS texture saved successfully (2048x1024): testfield/temp_diffuse_export_2.dds
[2026-07-04 22:16:53.474] [INFO]  [Python] Testing save_dds with format index 3 to testfield/temp_diffuse_export_3.dds
[2026-07-04 22:16:53.513] [INFO]  DDS texture saved successfully (2048x1024): testfield/temp_diffuse_export_3.dds
[2026-07-04 22:16:53.517] [INFO]  [Python] Testing save_dds with format index 4 to testfield/temp_diffuse_export_4.dds
[2026-07-04 22:16:53.546] [INFO]  DDS texture saved successfully (2048x1024): testfield/temp_diffuse_export_4.dds
[2026-07-04 22:16:53.548] [INFO]  [Python] Testing save_dds with format index 5 to testfield/temp_diffuse_export_5.dds
[2026-07-04 22:16:53.582] [INFO]  DDS texture saved successfully (2048x1024): testfield/temp_diffuse_export_5.dds
[2026-07-04 22:16:53.585] [INFO]  [Python] Testing save_dds with format index 6 to testfield/temp_diffuse_export_6.dds
[2026-07-04 22:16:53.610] [INFO]  DDS texture saved successfully (2048x1024): testfield/temp_diffuse_export_6.dds
[2026-07-04 22:16:53.613] [INFO]  [Python] Testing save_image with ICC profile: testfield/dummy_test.icc
[2026-07-04 22:16:53.981] [INFO]  Embedded ICC profile 'dummy_test' into PNG file: testfield/temp_icc_export.png
[2026-07-04 22:16:53.981] [INFO]  Image saved successfully: testfield/temp_icc_export.png
[2026-07-04 22:16:53.984] [INFO]  [Python] Verified: 'iCCP' chunk is embedded in the exported PNG!
[2026-07-04 22:16:53.985] [INFO]  [Python] DDS native validation check and ICC profile test: PASSED.
[2026-07-04 22:16:53.985] [INFO]  [Python] === Python API Integration Test Completed Successfully ===
[2026-07-04 22:16:53.992] [INFO]  [TEST] Render completed. Saving config and exiting successfully.
[2026-07-04 22:16:54.000] [INFO]  Shutting down embedded Python interpreter...
[2026-07-04 22:16:54.004] [INFO]  ThreadPool shut down successfully.
[2026-07-04 22:16:54.004] [INFO]  RayVPaint shut down cleanly.
[2026-07-04 22:34:42.686] [INFO]  ===================================================
[2026-07-04 22:34:42.686] [INFO]  Starting RayVPaint tech-art editor...
[2026-07-04 22:34:42.686] [INFO]  [Profiler] Step 'CLI & Console Setup' took: 0.783000 ms
[2026-07-04 22:34:42.686] [INFO]  Configuration loaded successfully from config.json
[2026-07-04 22:34:42.686] [INFO]  [Profiler] Step 'Logger & Config Systems' took: 0.292200 ms
[2026-07-04 22:34:42.686] [INFO]  Initializing ThreadPool with 16 worker threads.
[2026-07-04 22:34:42.689] [INFO]  [Profiler] Step 'Concurrency (ThreadPool)' took: 2.645900 ms
[2026-07-04 22:34:42.689] [INFO]  Initializing embedded Python interpreter...
[2026-07-04 22:34:42.704] [INFO]  [Python] Python Interpreter Initialized. Version: 3.13.2 (tags/v3.13.2:4f8bb39, Feb  4 2025, 15:23:48) [MSC v.1942 64 bit (AMD64)]
[2026-07-04 22:34:42.704] [INFO]  [Profiler] Step 'Scripting Engine Init Link/Start' took: 15.242200 ms
[2026-07-04 22:34:42.704] [INFO]  [Profiler] Step 'Initial Canvas Resize' took: 0.105900 ms
[2026-07-04 22:34:42.721] [INFO]  [Profiler] Step 'GLFW Window Creation' took: 17.062100 ms
[2026-07-04 22:34:42.721] [DEBUG] Resolved scancode for EraserTool (E): 18
[2026-07-04 22:34:42.721] [DEBUG] Resolved scancode for Undo (Ctrl+Z): 44
[2026-07-04 22:34:42.722] [DEBUG] Resolved scancode for Redo (Ctrl+Y): 21
[2026-07-04 22:34:42.722] [DEBUG] Resolved scancode for BrushTool (B): 48
[2026-07-04 22:34:42.722] [DEBUG] Resolved scancode for SaveProject (Ctrl+S): 31
[2026-07-04 22:34:42.722] [DEBUG] Resolved scancode for OpenProject (Ctrl+O): 24
[2026-07-04 22:34:42.722] [DEBUG] Resolved scancode for PanTool (H): 35
[2026-07-04 22:34:42.722] [WARN]  Failed to open keymap config: keymap.json. Using defaults.
[2026-07-04 22:34:42.722] [INFO]  [Profiler] Step 'Keymap Manager Init' took: 0.647100 ms
[2026-07-04 22:34:42.863] [INFO]  [Profiler] Step 'DirectX 11 Device Creation' took: 140.851600 ms
[2026-07-04 22:34:42.864] [INFO]  [Profiler] Step 'ImGui Context & Backend Init' took: 0.799200 ms
[2026-07-04 22:34:42.864] [INFO]  Compiling shader: VSMain
[2026-07-04 22:34:42.868] [DEBUG] Cached compiled shader bytecode to disk: VSMain
[2026-07-04 22:34:42.871] [INFO]  Compiling shader: VSLayerMain
[2026-07-04 22:34:42.874] [DEBUG] Cached compiled shader bytecode to disk: VSLayerMain
[2026-07-04 22:34:42.874] [INFO]  Compiling shader: PSMain
[2026-07-04 22:34:42.884] [DEBUG] Cached compiled shader bytecode to disk: PSMain
[2026-07-04 22:34:42.884] [INFO]  Compiling shader: PSLayerBlend
[2026-07-04 22:34:42.888] [DEBUG] Cached compiled shader bytecode to disk: PSLayerBlend
[2026-07-04 22:34:42.889] [INFO]  Created new lazy layer: Background
[2026-07-04 22:34:42.889] [INFO]  [Profiler] Step 'Canvas Renderer D3D Init (including Shader Loading/Compiling)' took: 25.062600 ms
[2026-07-04 22:34:42.889] [INFO]  Startup completed in: 203.611800 ms
[2026-07-04 22:34:42.894] [INFO]  [TEST] Render completed. Saving config and exiting successfully.
[2026-07-04 22:34:42.925] [INFO]  Shutting down embedded Python interpreter...
[2026-07-04 22:34:42.928] [INFO]  ThreadPool shut down successfully.
[2026-07-04 22:34:42.928] [INFO]  RayVPaint shut down cleanly.
[2026-07-04 22:34:42.955] [INFO]  ===================================================
[2026-07-04 22:34:42.955] [INFO]  Starting RayVPaint tech-art editor...
[2026-07-04 22:34:42.955] [INFO]  [Profiler] Step 'CLI & Console Setup' took: 1.035600 ms
[2026-07-04 22:34:42.955] [INFO]  Configuration loaded successfully from config.json
[2026-07-04 22:34:42.955] [INFO]  [Profiler] Step 'Logger & Config Systems' took: 0.340000 ms
[2026-07-04 22:34:42.955] [INFO]  Initializing ThreadPool with 16 worker threads.
[2026-07-04 22:34:42.958] [INFO]  [Profiler] Step 'Concurrency (ThreadPool)' took: 2.700700 ms
[2026-07-04 22:34:42.958] [INFO]  Initializing embedded Python interpreter...
[2026-07-04 22:34:42.973] [INFO]  [Python] Python Interpreter Initialized. Version: 3.13.2 (tags/v3.13.2:4f8bb39, Feb  4 2025, 15:23:48) [MSC v.1942 64 bit (AMD64)]
[2026-07-04 22:34:42.973] [INFO]  [Profiler] Step 'Scripting Engine Init Link/Start' took: 15.471100 ms
[2026-07-04 22:34:42.974] [INFO]  [Profiler] Step 'Initial Canvas Resize' took: 0.098000 ms
[2026-07-04 22:34:42.994] [INFO]  [Profiler] Step 'GLFW Window Creation' took: 20.735000 ms
[2026-07-04 22:34:42.994] [DEBUG] Resolved scancode for EraserTool (E): 18
[2026-07-04 22:34:42.995] [DEBUG] Resolved scancode for Undo (Ctrl+Z): 44
[2026-07-04 22:34:42.995] [DEBUG] Resolved scancode for Redo (Ctrl+Y): 21
[2026-07-04 22:34:42.995] [DEBUG] Resolved scancode for BrushTool (B): 48
[2026-07-04 22:34:42.995] [DEBUG] Resolved scancode for SaveProject (Ctrl+S): 31
[2026-07-04 22:34:42.995] [DEBUG] Resolved scancode for OpenProject (Ctrl+O): 24
[2026-07-04 22:34:42.995] [DEBUG] Resolved scancode for PanTool (H): 35
[2026-07-04 22:34:42.996] [WARN]  Failed to open keymap config: keymap.json. Using defaults.
[2026-07-04 22:34:42.996] [INFO]  [Profiler] Step 'Keymap Manager Init' took: 1.390300 ms
[2026-07-04 22:34:43.002] [INFO]  [Profiler] Step 'DirectX 11 Device Creation' took: 6.135100 ms
[2026-07-04 22:34:43.003] [INFO]  [Profiler] Step 'ImGui Context & Backend Init' took: 0.766200 ms
[2026-07-04 22:34:43.003] [DEBUG] Loaded cached shader bytecode: VSMain
[2026-07-04 22:34:43.003] [DEBUG] Loaded cached shader bytecode: VSLayerMain
[2026-07-04 22:34:43.003] [DEBUG] Loaded cached shader bytecode: PSMain
[2026-07-04 22:34:43.003] [DEBUG] Loaded cached shader bytecode: PSLayerBlend
[2026-07-04 22:34:43.004] [INFO]  Created new lazy layer: Background
[2026-07-04 22:34:43.004] [INFO]  [Profiler] Step 'Canvas Renderer D3D Init (including Shader Loading/Compiling)' took: 1.120400 ms
[2026-07-04 22:34:43.004] [INFO]  Startup completed in: 49.957600 ms
[2026-07-04 22:34:43.004] [INFO]  Executing Python script: test_script.py
[2026-07-04 22:34:43.005] [INFO]  [Python] === Python API Integration Test Starting ===
[2026-07-04 22:34:43.005] [DEBUG] [Python] This is a debug message from Python.
[2026-07-04 22:34:43.005] [WARN]  [Python] This is a warning from Python.
[2026-07-04 22:34:43.005] [INFO]  [Python] Config default dimensions: 1024x1024
[2026-07-04 22:34:43.005] [INFO]  [Python] Resizing canvas via Python to 2048x1024...
[2026-07-04 22:34:43.005] [INFO]  Resizing canvas from 1024x1024 to 2048x1024
[2026-07-04 22:34:43.005] [INFO]  Canvas resized to: 2048x1024
[2026-07-04 22:34:43.005] [INFO]  [Python] Testing native DDS load: testfield/SandroneBangsADiffuse.dds
[2026-07-04 22:34:43.024] [INFO]  DDS texture loaded successfully (1024x1024): testfield/SandroneBangsADiffuse.dds
[2026-07-04 22:34:43.036] [INFO]  Successfully imported layer from: testfield/SandroneBangsADiffuse.dds
[2026-07-04 22:34:43.361] [INFO]  Image saved successfully: testfield/temp_diffuse_export.png
[2026-07-04 22:34:43.363] [INFO]  [Python] Testing save_dds with format index 1 to testfield/temp_diffuse_export_1.dds
[2026-07-04 22:34:43.401] [INFO]  DDS texture saved successfully (2048x1024): testfield/temp_diffuse_export_1.dds
[2026-07-04 22:34:43.405] [INFO]  [Python] Testing save_dds with format index 2 to testfield/temp_diffuse_export_2.dds
[2026-07-04 22:34:43.434] [INFO]  DDS texture saved successfully (2048x1024): testfield/temp_diffuse_export_2.dds
[2026-07-04 22:34:43.437] [INFO]  [Python] Testing save_dds with format index 3 to testfield/temp_diffuse_export_3.dds
[2026-07-04 22:34:43.477] [INFO]  DDS texture saved successfully (2048x1024): testfield/temp_diffuse_export_3.dds
[2026-07-04 22:34:43.481] [INFO]  [Python] Testing save_dds with format index 4 to testfield/temp_diffuse_export_4.dds
[2026-07-04 22:34:43.502] [INFO]  DDS texture saved successfully (2048x1024): testfield/temp_diffuse_export_4.dds
[2026-07-04 22:34:43.504] [INFO]  [Python] Testing save_dds with format index 5 to testfield/temp_diffuse_export_5.dds
[2026-07-04 22:34:43.525] [INFO]  DDS texture saved successfully (2048x1024): testfield/temp_diffuse_export_5.dds
[2026-07-04 22:34:43.527] [INFO]  [Python] Testing save_dds with format index 6 to testfield/temp_diffuse_export_6.dds
[2026-07-04 22:34:43.548] [INFO]  DDS texture saved successfully (2048x1024): testfield/temp_diffuse_export_6.dds
[2026-07-04 22:34:43.550] [INFO]  [Python] Testing save_image with ICC profile: testfield/dummy_test.icc
[2026-07-04 22:34:43.863] [INFO]  Embedded ICC profile 'dummy_test' into PNG file: testfield/temp_icc_export.png
[2026-07-04 22:34:43.864] [INFO]  Image saved successfully: testfield/temp_icc_export.png
[2026-07-04 22:34:43.866] [INFO]  [Python] Verified: 'iCCP' chunk is embedded in the exported PNG!
[2026-07-04 22:34:43.867] [INFO]  [Python] DDS native validation check and ICC profile test: PASSED.
[2026-07-04 22:34:43.867] [INFO]  [Python] === Python API Integration Test Completed Successfully ===
[2026-07-04 22:34:43.874] [INFO]  [TEST] Render completed. Saving config and exiting successfully.
[2026-07-04 22:34:43.879] [INFO]  Shutting down embedded Python interpreter...
[2026-07-04 22:34:43.883] [INFO]  ThreadPool shut down successfully.
[2026-07-04 22:34:43.883] [INFO]  RayVPaint shut down cleanly.
